Started GET "/" for ::1 at 2022-08-26 14:15:00 +0400
  [1m[35m (1.3ms)[0m  [1m[34mSELECT sqlite_version(*)[0m
Processing by Rails::WelcomeController#index as HTML
  Rendering /home/unisens/.rvm/gems/ruby-3.0.0/gems/railties-7.0.3.1/lib/rails/templates/rails/welcome/index.html.erb
  Rendered /home/unisens/.rvm/gems/ruby-3.0.0/gems/railties-7.0.3.1/lib/rails/templates/rails/welcome/index.html.erb (Duration: 1.6ms | Allocations: 742)
Completed 200 OK in 14ms (Views: 6.4ms | ActiveRecord: 0.0ms | Allocations: 7034)


  [1m[35m (0.9ms)[0m  [1m[34mSELECT sqlite_version(*)[0m
  [1m[35m (5.7ms)[0m  [1m[35mCREATE TABLE "schema_migrations" ("version" varchar NOT NULL PRIMARY KEY)[0m
  [1m[35m (5.6ms)[0m  [1m[35mCREATE TABLE "ar_internal_metadata" ("key" varchar NOT NULL PRIMARY KEY, "value" varchar, "created_at" datetime(6) NOT NULL, "updated_at" datetime(6) NOT NULL)[0m
  [1m[36mActiveRecord::SchemaMigration Pluck (0.1ms)[0m  [1m[34mSELECT "schema_migrations"."version" FROM "schema_migrations" ORDER BY "schema_migrations"."version" ASC[0m
Migrating to DeviseCreateUsers (20220826102747)
  [1m[36mTRANSACTION (0.0ms)[0m  [1m[36mbegin transaction[0m
  [1m[35m (0.2ms)[0m  [1m[35mCREATE TABLE "users" ("id" integer PRIMARY KEY AUTOINCREMENT NOT NULL, "email" varchar DEFAULT '' NOT NULL, "encrypted_password" varchar DEFAULT '' NOT NULL, "reset_password_token" varchar, "reset_password_sent_at" datetime(6), "remember_created_at" datetime(6), "created_at" datetime(6) NOT NULL, "updated_at" datetime(6) NOT NULL)[0m
  [1m[35m (0.1ms)[0m  [1m[35mCREATE UNIQUE INDEX "index_users_on_email" ON "users" ("email")[0m
  [1m[35m (0.1ms)[0m  [1m[35mCREATE UNIQUE INDEX "index_users_on_reset_password_token" ON "users" ("reset_password_token")[0m
  [1m[36mActiveRecord::SchemaMigration Create (0.1ms)[0m  [1m[32mINSERT INTO "schema_migrations" ("version") VALUES (?)[0m  [["version", "20220826102747"]]
  [1m[36mTRANSACTION (4.8ms)[0m  [1m[36mcommit transaction[0m
  [1m[36mActiveRecord::InternalMetadata Load (0.1ms)[0m  [1m[34mSELECT "ar_internal_metadata".* FROM "ar_internal_metadata" WHERE "ar_internal_metadata"."key" = ? LIMIT ?[0m  [["key", "environment"], ["LIMIT", 1]]
  [1m[36mTRANSACTION (0.0ms)[0m  [1m[36mbegin transaction[0m
  [1m[36mActiveRecord::InternalMetadata Create (0.2ms)[0m  [1m[32mINSERT INTO "ar_internal_metadata" ("key", "value", "created_at", "updated_at") VALUES (?, ?, ?, ?)[0m  [["key", "environment"], ["value", "development"], ["created_at", "2022-08-26 10:28:03.503163"], ["updated_at", "2022-08-26 10:28:03.503163"]]
  [1m[36mTRANSACTION (3.6ms)[0m  [1m[36mcommit transaction[0m
  [1m[35m (0.0ms)[0m  [1m[34mSELECT sqlite_version(*)[0m
  [1m[36mActiveRecord::SchemaMigration Pluck (0.1ms)[0m  [1m[34mSELECT "schema_migrations"."version" FROM "schema_migrations" ORDER BY "schema_migrations"."version" ASC[0m
Started GET "/" for ::1 at 2022-08-26 14:28:37 +0400
  [1m[35m (0.4ms)[0m  [1m[34mSELECT sqlite_version(*)[0m
  [1m[36mActiveRecord::SchemaMigration Pluck (0.1ms)[0m  [1m[34mSELECT "schema_migrations"."version" FROM "schema_migrations" ORDER BY "schema_migrations"."version" ASC[0m
Processing by Rails::WelcomeController#index as HTML
  Rendering /home/unisens/.rvm/gems/ruby-3.0.0/gems/railties-7.0.3.1/lib/rails/templates/rails/welcome/index.html.erb
  Rendered /home/unisens/.rvm/gems/ruby-3.0.0/gems/railties-7.0.3.1/lib/rails/templates/rails/welcome/index.html.erb (Duration: 0.8ms | Allocations: 637)
Completed 200 OK in 8ms (Views: 2.5ms | ActiveRecord: 0.0ms | Allocations: 5806)


Started GET "/" for ::1 at 2022-08-26 14:28:38 +0400
Processing by Rails::WelcomeController#index as HTML
  Rendering /home/unisens/.rvm/gems/ruby-3.0.0/gems/railties-7.0.3.1/lib/rails/templates/rails/welcome/index.html.erb
  Rendered /home/unisens/.rvm/gems/ruby-3.0.0/gems/railties-7.0.3.1/lib/rails/templates/rails/welcome/index.html.erb (Duration: 0.6ms | Allocations: 372)
Completed 200 OK in 2ms (Views: 1.6ms | ActiveRecord: 0.0ms | Allocations: 1248)


Started GET "/home" for ::1 at 2022-08-26 14:28:42 +0400
  
ActionController::RoutingError (No route matches [GET] "/home"):
  
Started GET "/pages/home" for ::1 at 2022-08-26 14:28:50 +0400
Processing by PagesController#home as HTML
  Rendering layout layouts/application.html.erb
  Rendering pages/home.html.erb within layouts/application
  Rendered pages/home.html.erb within layouts/application (Duration: 0.3ms | Allocations: 121)
  Rendered layout layouts/application.html.erb (Duration: 185.0ms | Allocations: 95303)
Completed 200 OK in 187ms (Views: 186.2ms | ActiveRecord: 0.0ms | Allocations: 96367)


Started GET "/" for ::1 at 2022-08-26 14:29:36 +0400
  
ArgumentError (Missing :controller key on routes definition, please check your routes.):
  
config/routes.rb:2:in `block in <main>'
config/routes.rb:1:in `<main>'
Started GET "/" for ::1 at 2022-08-26 14:29:51 +0400
Processing by PagesController#home as HTML
  Rendering layout layouts/application.html.erb
  Rendering pages/home.html.erb within layouts/application
  Rendered pages/home.html.erb within layouts/application (Duration: 0.0ms | Allocations: 17)
  Rendered layout layouts/application.html.erb (Duration: 8.9ms | Allocations: 13691)
Completed 200 OK in 10ms (Views: 9.9ms | Allocations: 14463)


Started GET "/" for ::1 at 2022-08-26 14:50:21 +0400
  [1m[35m (0.9ms)[0m  [1m[34mSELECT sqlite_version(*)[0m
  [1m[36mActiveRecord::SchemaMigration Pluck (0.1ms)[0m  [1m[34mSELECT "schema_migrations"."version" FROM "schema_migrations" ORDER BY "schema_migrations"."version" ASC[0m
Processing by PagesController#home as HTML
  Rendering layout layouts/application.html.erb
  Rendering pages/home.html.erb within layouts/application
  Rendered pages/home.html.erb within layouts/application (Duration: 3.9ms | Allocations: 1060)
  Rendered layout layouts/application.html.erb (Duration: 38.9ms | Allocations: 35653)
Completed 200 OK in 48ms (Views: 41.5ms | ActiveRecord: 0.0ms | Allocations: 40992)


Started GET "/users/sign_in" for ::1 at 2022-08-26 14:50:23 +0400
Processing by Devise::SessionsController#new as HTML
  Rendering layout layouts/application.html.erb
  Rendering /home/unisens/.rvm/gems/ruby-3.0.0/gems/devise-4.8.1/app/views/devise/sessions/new.html.erb within layouts/application
  Rendered /home/unisens/.rvm/gems/ruby-3.0.0/gems/devise-4.8.1/app/views/devise/shared/_links.html.erb (Duration: 1.6ms | Allocations: 849)
  Rendered /home/unisens/.rvm/gems/ruby-3.0.0/gems/devise-4.8.1/app/views/devise/sessions/new.html.erb within layouts/application (Duration: 16.9ms | Allocations: 9543)
  Rendered layout layouts/application.html.erb (Duration: 19.4ms | Allocations: 11785)
Completed 200 OK in 29ms (Views: 20.8ms | ActiveRecord: 0.5ms | Allocations: 20051)


Started POST "/users/sign_in" for ::1 at 2022-08-26 14:50:26 +0400
Processing by Devise::SessionsController#create as TURBO_STREAM
  Parameters: {"authenticity_token"=>"[FILTERED]", "user"=>{"email"=>"mesxiana3@gmail.com", "password"=>"[FILTERED]", "remember_me"=>"0"}, "commit"=>"Log in"}
  [1m[36mUser Load (0.4ms)[0m  [1m[34mSELECT "users".* FROM "users" WHERE "users"."email" = ? ORDER BY "users"."id" ASC LIMIT ?[0m  [["email", "mesxiana3@gmail.com"], ["LIMIT", 1]]
Completed 401 Unauthorized in 9ms (ActiveRecord: 0.4ms | Allocations: 3589)


Started GET "/users/sign_in" for ::1 at 2022-08-26 14:50:26 +0400
Processing by Devise::SessionsController#new as TURBO_STREAM
  Rendering layout layouts/application.html.erb
  Rendering /home/unisens/.rvm/gems/ruby-3.0.0/gems/devise-4.8.1/app/views/devise/sessions/new.html.erb within layouts/application
  Rendered /home/unisens/.rvm/gems/ruby-3.0.0/gems/devise-4.8.1/app/views/devise/shared/_links.html.erb (Duration: 0.4ms | Allocations: 142)
  Rendered /home/unisens/.rvm/gems/ruby-3.0.0/gems/devise-4.8.1/app/views/devise/sessions/new.html.erb within layouts/application (Duration: 3.7ms | Allocations: 1277)
  Rendered layout layouts/application.html.erb (Duration: 7.7ms | Allocations: 3449)
Completed 200 OK in 11ms (Views: 9.0ms | ActiveRecord: 0.0ms | Allocations: 4196)


Started GET "/users/password/new" for ::1 at 2022-08-26 14:50:28 +0400
Processing by Devise::PasswordsController#new as HTML
  Rendering layout layouts/application.html.erb
  Rendering /home/unisens/.rvm/gems/ruby-3.0.0/gems/devise-4.8.1/app/views/devise/passwords/new.html.erb within layouts/application
  Rendered /home/unisens/.rvm/gems/ruby-3.0.0/gems/devise-4.8.1/app/views/devise/shared/_error_messages.html.erb (Duration: 1.0ms | Allocations: 238)
  Rendered /home/unisens/.rvm/gems/ruby-3.0.0/gems/devise-4.8.1/app/views/devise/shared/_links.html.erb (Duration: 1.1ms | Allocations: 279)
  Rendered /home/unisens/.rvm/gems/ruby-3.0.0/gems/devise-4.8.1/app/views/devise/passwords/new.html.erb within layouts/application (Duration: 5.9ms | Allocations: 1718)
  Rendered layout layouts/application.html.erb (Duration: 8.9ms | Allocations: 3968)
Completed 200 OK in 13ms (Views: 10.6ms | ActiveRecord: 0.0ms | Allocations: 5276)


Started GET "/users/sign_up" for ::1 at 2022-08-26 14:50:30 +0400
Processing by Devise::RegistrationsController#new as HTML
  Rendering layout layouts/application.html.erb
  Rendering /home/unisens/.rvm/gems/ruby-3.0.0/gems/devise-4.8.1/app/views/devise/registrations/new.html.erb within layouts/application
  Rendered /home/unisens/.rvm/gems/ruby-3.0.0/gems/devise-4.8.1/app/views/devise/shared/_error_messages.html.erb (Duration: 0.0ms | Allocations: 19)
  Rendered /home/unisens/.rvm/gems/ruby-3.0.0/gems/devise-4.8.1/app/views/devise/shared/_links.html.erb (Duration: 0.6ms | Allocations: 102)
  Rendered /home/unisens/.rvm/gems/ruby-3.0.0/gems/devise-4.8.1/app/views/devise/registrations/new.html.erb within layouts/application (Duration: 4.8ms | Allocations: 1873)
  Rendered layout layouts/application.html.erb (Duration: 7.0ms | Allocations: 4123)
Completed 200 OK in 10ms (Views: 8.8ms | ActiveRecord: 0.0ms | Allocations: 5481)


Started POST "/users/password" for ::1 at 2022-08-26 14:50:34 +0400
Processing by Devise::PasswordsController#create as TURBO_STREAM
  Parameters: {"authenticity_token"=>"[FILTERED]", "user"=>{"email"=>""}, "commit"=>"Send me reset password instructions"}
  Rendering layout layouts/application.html.erb
  Rendering /home/unisens/.rvm/gems/ruby-3.0.0/gems/devise-4.8.1/app/views/devise/passwords/new.html.erb within layouts/application
  Rendered /home/unisens/.rvm/gems/ruby-3.0.0/gems/devise-4.8.1/app/views/devise/shared/_error_messages.html.erb (Duration: 1.7ms | Allocations: 572)
  Rendered /home/unisens/.rvm/gems/ruby-3.0.0/gems/devise-4.8.1/app/views/devise/shared/_links.html.erb (Duration: 0.4ms | Allocations: 153)
  Rendered /home/unisens/.rvm/gems/ruby-3.0.0/gems/devise-4.8.1/app/views/devise/passwords/new.html.erb within layouts/application (Duration: 5.7ms | Allocations: 2023)
  Rendered layout layouts/application.html.erb (Duration: 9.8ms | Allocations: 4247)
Completed 422 Unprocessable Entity in 17ms (Views: 11.1ms | ActiveRecord: 0.0ms | Allocations: 6673)


Started POST "/users/password" for ::1 at 2022-08-26 14:50:38 +0400
Processing by Devise::PasswordsController#create as TURBO_STREAM
  Parameters: {"authenticity_token"=>"[FILTERED]", "user"=>{"email"=>"mesxiana3@gmail.com"}, "commit"=>"Send me reset password instructions"}
  [1m[36mUser Load (0.2ms)[0m  [1m[34mSELECT "users".* FROM "users" WHERE "users"."email" = ? ORDER BY "users"."id" ASC LIMIT ?[0m  [["email", "mesxiana3@gmail.com"], ["LIMIT", 1]]
  Rendering layout layouts/application.html.erb
  Rendering /home/unisens/.rvm/gems/ruby-3.0.0/gems/devise-4.8.1/app/views/devise/passwords/new.html.erb within layouts/application
  Rendered /home/unisens/.rvm/gems/ruby-3.0.0/gems/devise-4.8.1/app/views/devise/shared/_error_messages.html.erb (Duration: 2.5ms | Allocations: 528)
  Rendered /home/unisens/.rvm/gems/ruby-3.0.0/gems/devise-4.8.1/app/views/devise/shared/_links.html.erb (Duration: 0.9ms | Allocations: 153)
  Rendered /home/unisens/.rvm/gems/ruby-3.0.0/gems/devise-4.8.1/app/views/devise/passwords/new.html.erb within layouts/application (Duration: 9.3ms | Allocations: 1982)
  Rendered layout layouts/application.html.erb (Duration: 18.1ms | Allocations: 4206)
Completed 422 Unprocessable Entity in 28ms (Views: 19.7ms | ActiveRecord: 0.2ms | Allocations: 6523)


Started GET "/users/sign_in" for ::1 at 2022-08-26 14:50:39 +0400
Processing by Devise::SessionsController#new as HTML
  Rendering layout layouts/application.html.erb
  Rendering /home/unisens/.rvm/gems/ruby-3.0.0/gems/devise-4.8.1/app/views/devise/sessions/new.html.erb within layouts/application
  Rendered /home/unisens/.rvm/gems/ruby-3.0.0/gems/devise-4.8.1/app/views/devise/shared/_links.html.erb (Duration: 0.3ms | Allocations: 142)
  Rendered /home/unisens/.rvm/gems/ruby-3.0.0/gems/devise-4.8.1/app/views/devise/sessions/new.html.erb within layouts/application (Duration: 1.9ms | Allocations: 1274)
  Rendered layout layouts/application.html.erb (Duration: 5.8ms | Allocations: 3445)
Completed 200 OK in 8ms (Views: 6.5ms | ActiveRecord: 0.0ms | Allocations: 4169)


Started GET "/" for ::1 at 2022-08-26 14:50:40 +0400
Processing by PagesController#home as HTML
  Rendering layout layouts/application.html.erb
  Rendering pages/home.html.erb within layouts/application
  Rendered pages/home.html.erb within layouts/application (Duration: 0.7ms | Allocations: 331)
  Rendered layout layouts/application.html.erb (Duration: 2.8ms | Allocations: 2531)
Completed 200 OK in 4ms (Views: 3.3ms | ActiveRecord: 0.0ms | Allocations: 2856)


Started GET "/users/sign_up" for ::1 at 2022-08-26 14:52:03 +0400
Processing by Devise::RegistrationsController#new as HTML
  Rendering layout layouts/application.html.erb
  Rendering /home/unisens/.rvm/gems/ruby-3.0.0/gems/devise-4.8.1/app/views/devise/registrations/new.html.erb within layouts/application
  Rendered /home/unisens/.rvm/gems/ruby-3.0.0/gems/devise-4.8.1/app/views/devise/shared/_error_messages.html.erb (Duration: 0.1ms | Allocations: 18)
  Rendered /home/unisens/.rvm/gems/ruby-3.0.0/gems/devise-4.8.1/app/views/devise/shared/_links.html.erb (Duration: 0.2ms | Allocations: 86)
  Rendered /home/unisens/.rvm/gems/ruby-3.0.0/gems/devise-4.8.1/app/views/devise/registrations/new.html.erb within layouts/application (Duration: 1.9ms | Allocations: 1256)
  Rendered layout layouts/application.html.erb (Duration: 3.9ms | Allocations: 3435)
Completed 200 OK in 6ms (Views: 4.4ms | ActiveRecord: 0.0ms | Allocations: 4083)


Started POST "/users" for ::1 at 2022-08-26 14:52:14 +0400
Processing by Devise::RegistrationsController#create as TURBO_STREAM
  Parameters: {"authenticity_token"=>"[FILTERED]", "user"=>{"email"=>"mesxiana3@gmail.com", "password"=>"[FILTERED]", "password_confirmation"=>"[FILTERED]"}, "commit"=>"Sign up"}
  [1m[36mTRANSACTION (0.1ms)[0m  [1m[36mbegin transaction[0m
  [1m[36mUser Exists? (0.1ms)[0m  [1m[34mSELECT 1 AS one FROM "users" WHERE "users"."email" = ? LIMIT ?[0m  [["email", "mesxiana3@gmail.com"], ["LIMIT", 1]]
  [1m[36mUser Create (0.2ms)[0m  [1m[32mINSERT INTO "users" ("email", "encrypted_password", "reset_password_token", "reset_password_sent_at", "remember_created_at", "created_at", "updated_at") VALUES (?, ?, ?, ?, ?, ?, ?)[0m  [["email", "mesxiana3@gmail.com"], ["encrypted_password", "[FILTERED]"], ["reset_password_token", "[FILTERED]"], ["reset_password_sent_at", "[FILTERED]"], ["remember_created_at", nil], ["created_at", "2022-08-26 10:52:15.268229"], ["updated_at", "2022-08-26 10:52:15.268229"]]
  [1m[36mTRANSACTION (5.1ms)[0m  [1m[36mcommit transaction[0m
Redirected to http://localhost:3000/
Completed 302 Found in 312ms (ActiveRecord: 5.5ms | Allocations: 10801)


Started GET "/" for ::1 at 2022-08-26 14:52:15 +0400
Processing by PagesController#home as TURBO_STREAM
  Rendering layout layouts/application.html.erb
  Rendering pages/home.html.erb within layouts/application
  [1m[36mUser Load (0.2ms)[0m  [1m[34mSELECT "users".* FROM "users" WHERE "users"."id" = ? ORDER BY "users"."id" ASC LIMIT ?[0m  [["id", 1], ["LIMIT", 1]]
  ↳ app/views/pages/home.html.erb:3
  Rendered pages/home.html.erb within layouts/application (Duration: 2.6ms | Allocations: 1246)
  Rendered layout layouts/application.html.erb (Duration: 5.0ms | Allocations: 3433)
Completed 200 OK in 6ms (Views: 5.3ms | ActiveRecord: 0.2ms | Allocations: 3807)


Started DELETE "/users/sign_out" for ::1 at 2022-08-26 14:52:16 +0400
Processing by Devise::SessionsController#destroy as TURBO_STREAM
  Parameters: {"authenticity_token"=>"[FILTERED]"}
  [1m[36mUser Load (0.2ms)[0m  [1m[34mSELECT "users".* FROM "users" WHERE "users"."id" = ? ORDER BY "users"."id" ASC LIMIT ?[0m  [["id", 1], ["LIMIT", 1]]
Redirected to http://localhost:3000/
Completed 302 Found in 13ms (ActiveRecord: 0.2ms | Allocations: 2513)


Started GET "/" for ::1 at 2022-08-26 14:52:16 +0400
Processing by PagesController#home as TURBO_STREAM
  Rendering layout layouts/application.html.erb
  Rendering pages/home.html.erb within layouts/application
  Rendered pages/home.html.erb within layouts/application (Duration: 1.1ms | Allocations: 315)
  Rendered layout layouts/application.html.erb (Duration: 5.7ms | Allocations: 2523)
Completed 200 OK in 8ms (Views: 6.7ms | ActiveRecord: 0.0ms | Allocations: 2850)


Started GET "/" for ::1 at 2022-08-26 14:53:01 +0400
Processing by PagesController#home as HTML
  Rendering layout layouts/application.html.erb
  Rendering pages/home.html.erb within layouts/application
  Rendered pages/home.html.erb within layouts/application (Duration: 1.3ms | Allocations: 533)
  Rendered layout layouts/application.html.erb (Duration: 4.2ms | Allocations: 3017)
Completed 200 OK in 7ms (Views: 5.9ms | ActiveRecord: 0.0ms | Allocations: 4054)


Started GET "/users/sign_in" for ::1 at 2022-08-26 14:54:57 +0400
Processing by Devise::SessionsController#new as HTML
  Rendering layout layouts/application.html.erb
  Rendering /home/unisens/.rvm/gems/ruby-3.0.0/gems/devise-4.8.1/app/views/devise/sessions/new.html.erb within layouts/application
  Rendered /home/unisens/.rvm/gems/ruby-3.0.0/gems/devise-4.8.1/app/views/devise/shared/_links.html.erb (Duration: 1.5ms | Allocations: 580)
  Rendered /home/unisens/.rvm/gems/ruby-3.0.0/gems/devise-4.8.1/app/views/devise/sessions/new.html.erb within layouts/application (Duration: 3.6ms | Allocations: 2187)
  Rendered layout layouts/application.html.erb (Duration: 6.4ms | Allocations: 4637)
Completed 200 OK in 10ms (Views: 8.4ms | ActiveRecord: 0.0ms | Allocations: 6267)


Started POST "/users/sign_in" for ::1 at 2022-08-26 14:54:58 +0400
Processing by Devise::SessionsController#create as TURBO_STREAM
  Parameters: {"authenticity_token"=>"[FILTERED]", "user"=>{"email"=>"mesxiana3@gmail.com", "password"=>"[FILTERED]", "remember_me"=>"0"}, "commit"=>"Log in"}
  [1m[36mUser Load (0.2ms)[0m  [1m[34mSELECT "users".* FROM "users" WHERE "users"."email" = ? ORDER BY "users"."id" ASC LIMIT ?[0m  [["email", "mesxiana3@gmail.com"], ["LIMIT", 1]]
Completed 401 Unauthorized in 285ms (ActiveRecord: 0.2ms | Allocations: 1417)


Started GET "/users/sign_in" for ::1 at 2022-08-26 14:54:58 +0400
Processing by Devise::SessionsController#new as TURBO_STREAM
  Rendering layout layouts/application.html.erb
  Rendering /home/unisens/.rvm/gems/ruby-3.0.0/gems/devise-4.8.1/app/views/devise/sessions/new.html.erb within layouts/application
  Rendered /home/unisens/.rvm/gems/ruby-3.0.0/gems/devise-4.8.1/app/views/devise/shared/_links.html.erb (Duration: 0.2ms | Allocations: 142)
  Rendered /home/unisens/.rvm/gems/ruby-3.0.0/gems/devise-4.8.1/app/views/devise/sessions/new.html.erb within layouts/application (Duration: 3.8ms | Allocations: 1277)
  Rendered layout layouts/application.html.erb (Duration: 5.8ms | Allocations: 3464)
Completed 200 OK in 17ms (Views: 6.5ms | ActiveRecord: 0.0ms | Allocations: 4203)


Started POST "/users/sign_in" for ::1 at 2022-08-26 14:55:04 +0400
Processing by Devise::SessionsController#create as TURBO_STREAM
  Parameters: {"authenticity_token"=>"[FILTERED]", "user"=>{"email"=>"mesxiana3@gmail.com", "password"=>"[FILTERED]", "remember_me"=>"1"}, "commit"=>"Log in"}
  [1m[36mUser Load (0.2ms)[0m  [1m[34mSELECT "users".* FROM "users" WHERE "users"."email" = ? ORDER BY "users"."id" ASC LIMIT ?[0m  [["email", "mesxiana3@gmail.com"], ["LIMIT", 1]]
  [1m[36mTRANSACTION (0.1ms)[0m  [1m[36mbegin transaction[0m
  [1m[36mUser Update (0.2ms)[0m  [1m[33mUPDATE "users" SET "remember_created_at" = ?, "updated_at" = ? WHERE "users"."id" = ?[0m  [["remember_created_at", "2022-08-26 10:55:04.992658"], ["updated_at", "2022-08-26 10:55:04.992971"], ["id", 1]]
  [1m[36mTRANSACTION (5.3ms)[0m  [1m[36mcommit transaction[0m
Redirected to http://localhost:3000/
Completed 302 Found in 288ms (ActiveRecord: 5.8ms | Allocations: 5716)


Started GET "/" for ::1 at 2022-08-26 14:55:05 +0400
Processing by PagesController#home as TURBO_STREAM
  Rendering layout layouts/application.html.erb
  Rendering pages/home.html.erb within layouts/application
  [1m[36mUser Load (0.1ms)[0m  [1m[34mSELECT "users".* FROM "users" WHERE "users"."id" = ? ORDER BY "users"."id" ASC LIMIT ?[0m  [["id", 1], ["LIMIT", 1]]
  ↳ app/views/pages/home.html.erb:3
  Rendered pages/home.html.erb within layouts/application (Duration: 2.5ms | Allocations: 1408)
  Rendered layout layouts/application.html.erb (Duration: 4.7ms | Allocations: 3665)
Completed 200 OK in 7ms (Views: 6.0ms | ActiveRecord: 0.1ms | Allocations: 4579)


Started GET "/" for ::1 at 2022-08-26 14:55:16 +0400
Processing by PagesController#home as HTML
  Rendering layout layouts/application.html.erb
  Rendering pages/home.html.erb within layouts/application
  [1m[36mUser Load (0.1ms)[0m  [1m[34mSELECT "users".* FROM "users" WHERE "users"."id" = ? ORDER BY "users"."id" ASC LIMIT ?[0m  [["id", 1], ["LIMIT", 1]]
  ↳ app/views/pages/home.html.erb:3
  Rendered pages/home.html.erb within layouts/application (Duration: 2.3ms | Allocations: 1187)
  Rendered layout layouts/application.html.erb (Duration: 4.6ms | Allocations: 3374)
Completed 200 OK in 6ms (Views: 4.9ms | ActiveRecord: 0.1ms | Allocations: 3696)


Started GET "/" for ::1 at 2022-08-26 14:55:44 +0400
Processing by PagesController#home as HTML
  Rendering layout layouts/application.html.erb
  Rendering pages/home.html.erb within layouts/application
  [1m[36mUser Load (0.1ms)[0m  [1m[34mSELECT "users".* FROM "users" WHERE "users"."id" = ? ORDER BY "users"."id" ASC LIMIT ?[0m  [["id", 1], ["LIMIT", 1]]
  ↳ app/views/pages/home.html.erb:3
  Rendered pages/home.html.erb within layouts/application (Duration: 3.6ms | Allocations: 1438)
  Rendered layout layouts/application.html.erb (Duration: 6.4ms | Allocations: 3911)
Completed 200 OK in 9ms (Views: 8.0ms | ActiveRecord: 0.1ms | Allocations: 4948)


  [1m[35m (0.7ms)[0m  [1m[34mSELECT sqlite_version(*)[0m
  [1m[36mActiveRecord::SchemaMigration Pluck (0.2ms)[0m  [1m[34mSELECT "schema_migrations"."version" FROM "schema_migrations" ORDER BY "schema_migrations"."version" ASC[0m
Migrating to CreateRooms (20220826105654)
  [1m[36mTRANSACTION (0.1ms)[0m  [1m[36mbegin transaction[0m
  [1m[35m (0.4ms)[0m  [1m[35mCREATE TABLE "rooms" ("id" integer PRIMARY KEY AUTOINCREMENT NOT NULL, "name" varchar, "is_private" boolean DEFAULT 0, "created_at" datetime(6) NOT NULL, "updated_at" datetime(6) NOT NULL)[0m
  [1m[36mActiveRecord::SchemaMigration Create (0.2ms)[0m  [1m[32mINSERT INTO "schema_migrations" ("version") VALUES (?)[0m  [["version", "20220826105654"]]
  [1m[36mTRANSACTION (6.3ms)[0m  [1m[36mcommit transaction[0m
  [1m[36mActiveRecord::InternalMetadata Load (0.2ms)[0m  [1m[34mSELECT "ar_internal_metadata".* FROM "ar_internal_metadata" WHERE "ar_internal_metadata"."key" = ? LIMIT ?[0m  [["key", "environment"], ["LIMIT", 1]]
  [1m[35m (0.1ms)[0m  [1m[34mSELECT sqlite_version(*)[0m
  [1m[36mActiveRecord::SchemaMigration Pluck (0.1ms)[0m  [1m[34mSELECT "schema_migrations"."version" FROM "schema_migrations" ORDER BY "schema_migrations"."version" ASC[0m
Started GET "/" for ::1 at 2022-08-26 15:07:24 +0400
  [1m[35m (0.6ms)[0m  [1m[34mSELECT sqlite_version(*)[0m
  [1m[36mActiveRecord::SchemaMigration Pluck (1.0ms)[0m  [1m[34mSELECT "schema_migrations"."version" FROM "schema_migrations" ORDER BY "schema_migrations"."version" ASC[0m
Processing by PagesController#home as HTML
  Rendering layout layouts/application.html.erb
  Rendering pages/home.html.erb within layouts/application
  [1m[36mUser Load (0.2ms)[0m  [1m[34mSELECT "users".* FROM "users" WHERE "users"."id" = ? ORDER BY "users"."id" ASC LIMIT ?[0m  [["id", 1], ["LIMIT", 1]]
  ↳ app/views/pages/home.html.erb:3
  Rendered pages/home.html.erb within layouts/application (Duration: 13.4ms | Allocations: 10123)
  Rendered layout layouts/application.html.erb (Duration: 48.2ms | Allocations: 44728)
Completed 200 OK in 56ms (Views: 50.2ms | ActiveRecord: 0.6ms | Allocations: 50066)


Started GET "/" for ::1 at 2022-08-26 15:07:27 +0400
Processing by PagesController#home as HTML
  Rendering layout layouts/application.html.erb
  Rendering pages/home.html.erb within layouts/application
  [1m[36mUser Load (0.2ms)[0m  [1m[34mSELECT "users".* FROM "users" WHERE "users"."id" = ? ORDER BY "users"."id" ASC LIMIT ?[0m  [["id", 1], ["LIMIT", 1]]
  ↳ app/views/pages/home.html.erb:3
  Rendered pages/home.html.erb within layouts/application (Duration: 2.6ms | Allocations: 1197)
  Rendered layout layouts/application.html.erb (Duration: 4.7ms | Allocations: 3385)
Completed 200 OK in 6ms (Views: 5.1ms | ActiveRecord: 0.2ms | Allocations: 3715)


Started DELETE "/users/sign_out" for ::1 at 2022-08-26 15:07:28 +0400
Processing by Devise::SessionsController#destroy as TURBO_STREAM
  Parameters: {"authenticity_token"=>"[FILTERED]"}
  [1m[36mUser Load (0.1ms)[0m  [1m[34mSELECT "users".* FROM "users" WHERE "users"."id" = ? ORDER BY "users"."id" ASC LIMIT ?[0m  [["id", 1], ["LIMIT", 1]]
  [1m[36mTRANSACTION (0.3ms)[0m  [1m[36mbegin transaction[0m
  [1m[36mUser Update (0.2ms)[0m  [1m[33mUPDATE "users" SET "remember_created_at" = ?, "updated_at" = ? WHERE "users"."id" = ?[0m  [["remember_created_at", nil], ["updated_at", "2022-08-26 11:07:28.887430"], ["id", 1]]
  [1m[36mTRANSACTION (4.9ms)[0m  [1m[36mcommit transaction[0m
Redirected to http://localhost:3000/
Completed 302 Found in 16ms (ActiveRecord: 5.6ms | Allocations: 7757)


Started GET "/" for ::1 at 2022-08-26 15:07:28 +0400
Processing by PagesController#home as TURBO_STREAM
  Rendering layout layouts/application.html.erb
  Rendering pages/home.html.erb within layouts/application
  Rendered pages/home.html.erb within layouts/application (Duration: 1.4ms | Allocations: 391)
  Rendered layout layouts/application.html.erb (Duration: 3.4ms | Allocations: 2600)
Completed 200 OK in 4ms (Views: 3.8ms | ActiveRecord: 0.0ms | Allocations: 2978)


Started GET "/users/sign_up" for ::1 at 2022-08-26 15:07:29 +0400
Processing by Devise::RegistrationsController#new as HTML
  Rendering layout layouts/application.html.erb
  Rendering /home/unisens/.rvm/gems/ruby-3.0.0/gems/devise-4.8.1/app/views/devise/registrations/new.html.erb within layouts/application
  Rendered /home/unisens/.rvm/gems/ruby-3.0.0/gems/devise-4.8.1/app/views/devise/shared/_error_messages.html.erb (Duration: 0.6ms | Allocations: 244)
  Rendered /home/unisens/.rvm/gems/ruby-3.0.0/gems/devise-4.8.1/app/views/devise/shared/_links.html.erb (Duration: 0.8ms | Allocations: 666)
  Rendered /home/unisens/.rvm/gems/ruby-3.0.0/gems/devise-4.8.1/app/views/devise/registrations/new.html.erb within layouts/application (Duration: 6.7ms | Allocations: 4495)
  Rendered layout layouts/application.html.erb (Duration: 8.6ms | Allocations: 6745)
Completed 200 OK in 12ms (Views: 10.2ms | ActiveRecord: 0.0ms | Allocations: 8345)


Started GET "/users/sign_in" for ::1 at 2022-08-26 15:07:31 +0400
Processing by Devise::SessionsController#new as HTML
  Rendering layout layouts/application.html.erb
  Rendering /home/unisens/.rvm/gems/ruby-3.0.0/gems/devise-4.8.1/app/views/devise/sessions/new.html.erb within layouts/application
  Rendered /home/unisens/.rvm/gems/ruby-3.0.0/gems/devise-4.8.1/app/views/devise/shared/_links.html.erb (Duration: 0.6ms | Allocations: 407)
  Rendered /home/unisens/.rvm/gems/ruby-3.0.0/gems/devise-4.8.1/app/views/devise/sessions/new.html.erb within layouts/application (Duration: 3.6ms | Allocations: 2435)
  Rendered layout layouts/application.html.erb (Duration: 5.6ms | Allocations: 4677)
Completed 200 OK in 9ms (Views: 7.1ms | ActiveRecord: 0.0ms | Allocations: 6374)


Started POST "/users/sign_in" for ::1 at 2022-08-26 15:07:36 +0400
Processing by Devise::SessionsController#create as TURBO_STREAM
  Parameters: {"authenticity_token"=>"[FILTERED]", "user"=>{"email"=>"mesxiana3@gmail.com", "password"=>"[FILTERED]", "remember_me"=>"0"}, "commit"=>"Log in"}
  [1m[36mUser Load (0.6ms)[0m  [1m[34mSELECT "users".* FROM "users" WHERE "users"."email" = ? ORDER BY "users"."id" ASC LIMIT ?[0m  [["email", "mesxiana3@gmail.com"], ["LIMIT", 1]]
Redirected to http://localhost:3000/
Completed 302 Found in 287ms (ActiveRecord: 0.6ms | Allocations: 4580)


Started GET "/" for ::1 at 2022-08-26 15:07:36 +0400
Processing by PagesController#home as TURBO_STREAM
  Rendering layout layouts/application.html.erb
  Rendering pages/home.html.erb within layouts/application
  [1m[36mUser Load (0.1ms)[0m  [1m[34mSELECT "users".* FROM "users" WHERE "users"."id" = ? ORDER BY "users"."id" ASC LIMIT ?[0m  [["id", 1], ["LIMIT", 1]]
  ↳ app/views/pages/home.html.erb:3
  Rendered pages/home.html.erb within layouts/application (Duration: 2.2ms | Allocations: 1169)
  Rendered layout layouts/application.html.erb (Duration: 4.2ms | Allocations: 3356)
Completed 200 OK in 5ms (Views: 4.6ms | ActiveRecord: 0.1ms | Allocations: 3684)


Started GET "/" for ::1 at 2022-08-26 15:10:56 +0400
Processing by PagesController#home as HTML
  Rendering layout layouts/application.html.erb
  Rendering pages/home.html.erb within layouts/application
  [1m[36mUser Load (0.1ms)[0m  [1m[34mSELECT "users".* FROM "users" WHERE "users"."id" = ? ORDER BY "users"."id" ASC LIMIT ?[0m  [["id", 1], ["LIMIT", 1]]
  ↳ app/views/pages/home.html.erb:3
  Rendered pages/home.html.erb within layouts/application (Duration: 4.5ms | Allocations: 1397)
  Rendered layouts/_navbar.html.erb (Duration: 0.8ms | Allocations: 133)
  Rendered layout layouts/application.html.erb (Duration: 9.4ms | Allocations: 4141)
Completed 200 OK in 12ms (Views: 10.8ms | ActiveRecord: 0.1ms | Allocations: 5179)


Started GET "/" for ::1 at 2022-08-26 15:12:20 +0400
Processing by PagesController#home as HTML
  Rendering layout layouts/application.html.erb
  Rendering pages/home.html.erb within layouts/application
  [1m[36mUser Load (0.1ms)[0m  [1m[34mSELECT "users".* FROM "users" WHERE "users"."id" = ? ORDER BY "users"."id" ASC LIMIT ?[0m  [["id", 1], ["LIMIT", 1]]
  ↳ app/views/pages/home.html.erb:3
  Rendered pages/home.html.erb within layouts/application (Duration: 3.1ms | Allocations: 1405)
  Rendered layouts/_navbar.html.erb (Duration: 0.5ms | Allocations: 137)
  Rendered layout layouts/application.html.erb (Duration: 6.5ms | Allocations: 4148)
Completed 200 OK in 9ms (Views: 8.3ms | ActiveRecord: 0.1ms | Allocations: 5186)


Started GET "/" for ::1 at 2022-08-26 15:12:38 +0400
Processing by PagesController#home as HTML
  Rendering layout layouts/application.html.erb
  Rendering pages/home.html.erb within layouts/application
  [1m[36mUser Load (0.2ms)[0m  [1m[34mSELECT "users".* FROM "users" WHERE "users"."id" = ? ORDER BY "users"."id" ASC LIMIT ?[0m  [["id", 1], ["LIMIT", 1]]
  ↳ app/views/pages/home.html.erb:3
  Rendered pages/home.html.erb within layouts/application (Duration: 3.4ms | Allocations: 1403)
  Rendered layouts/_navbar.html.erb (Duration: 0.3ms | Allocations: 137)
  Rendered layout layouts/application.html.erb (Duration: 6.8ms | Allocations: 4146)
Completed 200 OK in 9ms (Views: 8.3ms | ActiveRecord: 0.2ms | Allocations: 5184)


Started GET "/" for ::1 at 2022-08-26 15:12:40 +0400
Processing by PagesController#home as HTML
  Rendering layout layouts/application.html.erb
  Rendering pages/home.html.erb within layouts/application
  [1m[36mUser Load (0.1ms)[0m  [1m[34mSELECT "users".* FROM "users" WHERE "users"."id" = ? ORDER BY "users"."id" ASC LIMIT ?[0m  [["id", 1], ["LIMIT", 1]]
  ↳ app/views/pages/home.html.erb:3
  Rendered pages/home.html.erb within layouts/application (Duration: 2.0ms | Allocations: 1166)
  Rendered layouts/_navbar.html.erb (Duration: 0.1ms | Allocations: 13)
  Rendered layout layouts/application.html.erb (Duration: 4.2ms | Allocations: 3428)
Completed 200 OK in 5ms (Views: 4.8ms | ActiveRecord: 0.1ms | Allocations: 3753)


Started GET "/" for ::1 at 2022-08-26 15:17:11 +0400
Processing by PagesController#home as HTML
  Rendering layout layouts/application.html.erb
  Rendering pages/home.html.erb within layouts/application
  [1m[36mUser Load (0.1ms)[0m  [1m[34mSELECT "users".* FROM "users" WHERE "users"."id" = ? ORDER BY "users"."id" ASC LIMIT ?[0m  [["id", 1], ["LIMIT", 1]]
  ↳ app/views/pages/home.html.erb:3
  Rendered pages/home.html.erb within layouts/application (Duration: 2.8ms | Allocations: 1167)
  Rendered layouts/_navbar.html.erb (Duration: 0.0ms | Allocations: 13)
  Rendered layout layouts/application.html.erb (Duration: 5.0ms | Allocations: 3429)
Completed 200 OK in 6ms (Views: 5.3ms | ActiveRecord: 0.1ms | Allocations: 3750)


Started GET "/" for ::1 at 2022-08-26 15:17:12 +0400
Processing by PagesController#home as HTML
  Rendering layout layouts/application.html.erb
  Rendering pages/home.html.erb within layouts/application
  [1m[36mUser Load (0.1ms)[0m  [1m[34mSELECT "users".* FROM "users" WHERE "users"."id" = ? ORDER BY "users"."id" ASC LIMIT ?[0m  [["id", 1], ["LIMIT", 1]]
  ↳ app/views/pages/home.html.erb:3
  Rendered pages/home.html.erb within layouts/application (Duration: 2.0ms | Allocations: 1173)
  Rendered layouts/_navbar.html.erb (Duration: 0.0ms | Allocations: 13)
  Rendered layout layouts/application.html.erb (Duration: 4.3ms | Allocations: 3435)
Completed 200 OK in 5ms (Views: 4.6ms | ActiveRecord: 0.1ms | Allocations: 3756)


Started GET "/" for ::1 at 2022-08-26 15:17:13 +0400
Processing by PagesController#home as HTML
  Rendering layout layouts/application.html.erb
  Rendering pages/home.html.erb within layouts/application
  [1m[36mUser Load (0.1ms)[0m  [1m[34mSELECT "users".* FROM "users" WHERE "users"."id" = ? ORDER BY "users"."id" ASC LIMIT ?[0m  [["id", 1], ["LIMIT", 1]]
  ↳ app/views/pages/home.html.erb:3
  Rendered pages/home.html.erb within layouts/application (Duration: 2.3ms | Allocations: 1179)
  Rendered layouts/_navbar.html.erb (Duration: 0.0ms | Allocations: 13)
  Rendered layout layouts/application.html.erb (Duration: 4.8ms | Allocations: 3441)
Completed 200 OK in 6ms (Views: 5.3ms | ActiveRecord: 0.1ms | Allocations: 3762)


Started GET "/" for ::1 at 2022-08-26 15:17:17 +0400
Processing by PagesController#home as HTML
  Rendering layout layouts/application.html.erb
  Rendering pages/home.html.erb within layouts/application
  [1m[36mUser Load (0.1ms)[0m  [1m[34mSELECT "users".* FROM "users" WHERE "users"."id" = ? ORDER BY "users"."id" ASC LIMIT ?[0m  [["id", 1], ["LIMIT", 1]]
  ↳ app/views/pages/home.html.erb:3
  Rendered pages/home.html.erb within layouts/application (Duration: 2.3ms | Allocations: 1175)
  Rendered layouts/_navbar.html.erb (Duration: 0.1ms | Allocations: 13)
  Rendered layout layouts/application.html.erb (Duration: 4.7ms | Allocations: 3437)
Completed 200 OK in 6ms (Views: 5.1ms | ActiveRecord: 0.1ms | Allocations: 3758)


Started GET "/" for ::1 at 2022-08-26 15:17:24 +0400
Processing by PagesController#home as HTML
  Rendering layout layouts/application.html.erb
  Rendering pages/home.html.erb within layouts/application
  [1m[36mUser Load (0.1ms)[0m  [1m[34mSELECT "users".* FROM "users" WHERE "users"."id" = ? ORDER BY "users"."id" ASC LIMIT ?[0m  [["id", 1], ["LIMIT", 1]]
  ↳ app/views/pages/home.html.erb:3
  Rendered pages/home.html.erb within layouts/application (Duration: 3.2ms | Allocations: 1409)
  Rendered layouts/_navbar.html.erb (Duration: 0.3ms | Allocations: 179)
  Rendered layout layouts/application.html.erb (Duration: 6.6ms | Allocations: 4194)
Completed 200 OK in 9ms (Views: 8.3ms | ActiveRecord: 0.1ms | Allocations: 5231)


Started GET "/" for ::1 at 2022-08-26 15:17:28 +0400
Processing by PagesController#home as HTML
  Rendering layout layouts/application.html.erb
  Rendering pages/home.html.erb within layouts/application
  [1m[36mUser Load (0.1ms)[0m  [1m[34mSELECT "users".* FROM "users" WHERE "users"."id" = ? ORDER BY "users"."id" ASC LIMIT ?[0m  [["id", 1], ["LIMIT", 1]]
  ↳ app/views/pages/home.html.erb:3
  Rendered pages/home.html.erb within layouts/application (Duration: 2.1ms | Allocations: 1159)
  Rendered layouts/_navbar.html.erb (Duration: 0.0ms | Allocations: 13)
  Rendered layout layouts/application.html.erb (Duration: 5.2ms | Allocations: 3421)
Completed 200 OK in 6ms (Views: 5.5ms | ActiveRecord: 0.1ms | Allocations: 3746)


Started GET "/" for ::1 at 2022-08-26 15:17:29 +0400
Processing by PagesController#home as HTML
  Rendering layout layouts/application.html.erb
  Rendering pages/home.html.erb within layouts/application
  [1m[36mUser Load (0.1ms)[0m  [1m[34mSELECT "users".* FROM "users" WHERE "users"."id" = ? ORDER BY "users"."id" ASC LIMIT ?[0m  [["id", 1], ["LIMIT", 1]]
  ↳ app/views/pages/home.html.erb:3
  Rendered pages/home.html.erb within layouts/application (Duration: 2.1ms | Allocations: 1161)
  Rendered layouts/_navbar.html.erb (Duration: 0.0ms | Allocations: 13)
  Rendered layout layouts/application.html.erb (Duration: 4.2ms | Allocations: 3423)
Completed 200 OK in 5ms (Views: 4.5ms | ActiveRecord: 0.1ms | Allocations: 3747)


Started GET "/" for ::1 at 2022-08-26 15:17:50 +0400
Processing by PagesController#home as HTML
  Rendering layout layouts/application.html.erb
  Rendering pages/home.html.erb within layouts/application
  [1m[36mUser Load (0.3ms)[0m  [1m[34mSELECT "users".* FROM "users" WHERE "users"."id" = ? ORDER BY "users"."id" ASC LIMIT ?[0m  [["id", 1], ["LIMIT", 1]]
  ↳ app/views/pages/home.html.erb:3
  Rendered pages/home.html.erb within layouts/application (Duration: 5.7ms | Allocations: 1411)
  Rendered layouts/_navbar.html.erb (Duration: 0.9ms | Allocations: 181)
  Rendered layout layouts/application.html.erb (Duration: 31.4ms | Allocations: 4209)
Completed 200 OK in 35ms (Views: 33.8ms | ActiveRecord: 0.3ms | Allocations: 5247)


Started GET "/" for ::1 at 2022-08-26 15:17:51 +0400
Processing by PagesController#home as HTML
  Rendering layout layouts/application.html.erb
  Rendering pages/home.html.erb within layouts/application
  [1m[36mUser Load (0.1ms)[0m  [1m[34mSELECT "users".* FROM "users" WHERE "users"."id" = ? ORDER BY "users"."id" ASC LIMIT ?[0m  [["id", 1], ["LIMIT", 1]]
  ↳ app/views/pages/home.html.erb:3
  Rendered pages/home.html.erb within layouts/application (Duration: 2.4ms | Allocations: 1171)
  Rendered layouts/_navbar.html.erb (Duration: 0.0ms | Allocations: 13)
  Rendered layout layouts/application.html.erb (Duration: 4.8ms | Allocations: 3433)
Completed 200 OK in 5ms (Views: 5.1ms | ActiveRecord: 0.1ms | Allocations: 3755)


Started GET "/" for ::1 at 2022-08-26 15:17:53 +0400
Processing by PagesController#home as HTML
  Rendering layout layouts/application.html.erb
  Rendering pages/home.html.erb within layouts/application
  [1m[36mUser Load (0.1ms)[0m  [1m[34mSELECT "users".* FROM "users" WHERE "users"."id" = ? ORDER BY "users"."id" ASC LIMIT ?[0m  [["id", 1], ["LIMIT", 1]]
  ↳ app/views/pages/home.html.erb:3
  Rendered pages/home.html.erb within layouts/application (Duration: 2.4ms | Allocations: 1175)
  Rendered layouts/_navbar.html.erb (Duration: 0.0ms | Allocations: 13)
  Rendered layout layouts/application.html.erb (Duration: 5.2ms | Allocations: 3437)
Completed 200 OK in 6ms (Views: 5.5ms | ActiveRecord: 0.1ms | Allocations: 3761)


Started GET "/" for ::1 at 2022-08-26 15:18:30 +0400
Processing by PagesController#home as HTML
  Rendering layout layouts/application.html.erb
  Rendering pages/home.html.erb within layouts/application
  [1m[36mUser Load (0.1ms)[0m  [1m[34mSELECT "users".* FROM "users" WHERE "users"."id" = ? ORDER BY "users"."id" ASC LIMIT ?[0m  [["id", 1], ["LIMIT", 1]]
  ↳ app/views/pages/home.html.erb:3
  Rendered pages/home.html.erb within layouts/application (Duration: 2.7ms | Allocations: 1417)
  Rendered layouts/_navbar.html.erb (Duration: 0.3ms | Allocations: 173)
  Rendered layout layouts/application.html.erb (Duration: 6.1ms | Allocations: 4196)
Completed 200 OK in 9ms (Views: 7.7ms | ActiveRecord: 0.1ms | Allocations: 5233)


Started GET "/" for ::1 at 2022-08-26 15:19:12 +0400
Processing by PagesController#home as HTML
  Rendering layout layouts/application.html.erb
  Rendering pages/home.html.erb within layouts/application
  [1m[36mUser Load (0.1ms)[0m  [1m[34mSELECT "users".* FROM "users" WHERE "users"."id" = ? ORDER BY "users"."id" ASC LIMIT ?[0m  [["id", 1], ["LIMIT", 1]]
  ↳ app/views/pages/home.html.erb:3
  Rendered pages/home.html.erb within layouts/application (Duration: 3.0ms | Allocations: 1409)
  Rendered layouts/_navbar.html.erb (Duration: 0.3ms | Allocations: 138)
  Rendered layout layouts/application.html.erb (Duration: 6.9ms | Allocations: 4153)
Completed 200 OK in 9ms (Views: 8.2ms | ActiveRecord: 0.1ms | Allocations: 5191)


Started GET "/" for ::1 at 2022-08-26 15:21:20 +0400
Processing by PagesController#home as HTML
  Rendering layout layouts/application.html.erb
  Rendering pages/home.html.erb within layouts/application
  [1m[36mUser Load (0.2ms)[0m  [1m[34mSELECT "users".* FROM "users" WHERE "users"."id" = ? ORDER BY "users"."id" ASC LIMIT ?[0m  [["id", 1], ["LIMIT", 1]]
  ↳ app/views/pages/home.html.erb:3
  Rendered pages/home.html.erb within layouts/application (Duration: 6.8ms | Allocations: 1397)
  Rendered layouts/_navbar.html.erb (Duration: 0.8ms | Allocations: 137)
  Rendered layout layouts/application.html.erb (Duration: 14.9ms | Allocations: 4140)
Completed 200 OK in 19ms (Views: 17.8ms | ActiveRecord: 0.2ms | Allocations: 5178)


Started GET "/" for ::1 at 2022-08-26 15:27:53 +0400
  [1m[35m (0.6ms)[0m  [1m[34mSELECT sqlite_version(*)[0m
  [1m[36mActiveRecord::SchemaMigration Pluck (0.1ms)[0m  [1m[34mSELECT "schema_migrations"."version" FROM "schema_migrations" ORDER BY "schema_migrations"."version" ASC[0m
Processing by PagesController#home as HTML
  Rendering layout layouts/application.html.erb
  Rendering pages/home.html.erb within layouts/application
  [1m[36mUser Load (0.2ms)[0m  [1m[34mSELECT "users".* FROM "users" WHERE "users"."id" = ? ORDER BY "users"."id" ASC LIMIT ?[0m  [["id", 1], ["LIMIT", 1]]
  ↳ app/views/pages/home.html.erb:3
  Rendered pages/home.html.erb within layouts/application (Duration: 23.0ms | Allocations: 14677)
  Rendered layout layouts/application.html.erb (Duration: 23.3ms | Allocations: 14765)
Completed 500 Internal Server Error in 30ms (ActiveRecord: 0.9ms | Allocations: 20061)


  
ActionView::Template::Error (undefined local variable or method `rooms_path' for #<ActionView::Base:0x0000000000c008>
Did you mean?  root_path):
    1: <h1>Chat App</h1>
    2: <p>Find me in app/views/pages/home.html.erb</p>
    3: <% if current_user %>
    4: <%= link_to "Start Chatting", rooms_path %>
    5: <%= button_to "Logout", destroy_user_session_path , method: :delete%>
    6: <% else %>
    7: <%= link_to "Login", new_user_session_path %>
  
app/views/pages/home.html.erb:4
Started GET "/" for ::1 at 2022-08-26 15:28:02 +0400
Processing by PagesController#home as HTML
  Rendering layout layouts/application.html.erb
  Rendering pages/home.html.erb within layouts/application
  [1m[36mUser Load (0.1ms)[0m  [1m[34mSELECT "users".* FROM "users" WHERE "users"."id" = ? ORDER BY "users"."id" ASC LIMIT ?[0m  [["id", 1], ["LIMIT", 1]]
  ↳ app/views/pages/home.html.erb:3
  Rendered pages/home.html.erb within layouts/application (Duration: 3.3ms | Allocations: 1517)
  Rendered layouts/_navbar.html.erb (Duration: 1.1ms | Allocations: 136)
  Rendered layout layouts/application.html.erb (Duration: 46.7ms | Allocations: 36387)
Completed 200 OK in 49ms (Views: 48.2ms | ActiveRecord: 0.1ms | Allocations: 37460)


Started GET "/rooms/index" for ::1 at 2022-08-26 15:28:05 +0400
Processing by RoomsController#index as HTML
  [1m[36mUser Load (0.1ms)[0m  [1m[34mSELECT "users".* FROM "users" WHERE "users"."id" = ? ORDER BY "users"."id" ASC LIMIT ?[0m  [["id", 1], ["LIMIT", 1]]
  Rendering layout layouts/application.html.erb
  Rendering rooms/index.html.erb within layouts/application
  Rendered rooms/index.html.erb within layouts/application (Duration: 0.3ms | Allocations: 121)
  Rendered layouts/_navbar.html.erb (Duration: 0.1ms | Allocations: 14)
  Rendered layout layouts/application.html.erb (Duration: 2.8ms | Allocations: 2481)
Completed 200 OK in 11ms (Views: 3.8ms | ActiveRecord: 0.4ms | Allocations: 9942)


Started GET "/rooms/index" for ::1 at 2022-08-26 15:43:37 +0400
  
AbstractController::ActionNotFound (The action 'show' could not be found for RoomsController):
  
actionpack (7.0.3.1) lib/abstract_controller/base.rb:146:in `process'
actionview (7.0.3.1) lib/action_view/rendering.rb:39:in `process'
actionpack (7.0.3.1) lib/action_controller/metal.rb:188:in `dispatch'
actionpack (7.0.3.1) lib/action_controller/metal.rb:251:in `dispatch'
actionpack (7.0.3.1) lib/action_dispatch/routing/route_set.rb:49:in `dispatch'
actionpack (7.0.3.1) lib/action_dispatch/routing/route_set.rb:32:in `serve'
actionpack (7.0.3.1) lib/action_dispatch/journey/router.rb:50:in `block in serve'
actionpack (7.0.3.1) lib/action_dispatch/journey/router.rb:32:in `each'
actionpack (7.0.3.1) lib/action_dispatch/journey/router.rb:32:in `serve'
actionpack (7.0.3.1) lib/action_dispatch/routing/route_set.rb:852:in `call'
warden (1.2.9) lib/warden/manager.rb:36:in `block in call'
warden (1.2.9) lib/warden/manager.rb:34:in `catch'
warden (1.2.9) lib/warden/manager.rb:34:in `call'
rack (2.2.4) lib/rack/tempfile_reaper.rb:15:in `call'
rack (2.2.4) lib/rack/etag.rb:27:in `call'
rack (2.2.4) lib/rack/conditional_get.rb:27:in `call'
rack (2.2.4) lib/rack/head.rb:12:in `call'
actionpack (7.0.3.1) lib/action_dispatch/http/permissions_policy.rb:38:in `call'
actionpack (7.0.3.1) lib/action_dispatch/http/content_security_policy.rb:36:in `call'
rack (2.2.4) lib/rack/session/abstract/id.rb:266:in `context'
rack (2.2.4) lib/rack/session/abstract/id.rb:260:in `call'
actionpack (7.0.3.1) lib/action_dispatch/middleware/cookies.rb:697:in `call'
activerecord (7.0.3.1) lib/active_record/migration.rb:603:in `call'
actionpack (7.0.3.1) lib/action_dispatch/middleware/callbacks.rb:27:in `block in call'
activesupport (7.0.3.1) lib/active_support/callbacks.rb:99:in `run_callbacks'
actionpack (7.0.3.1) lib/action_dispatch/middleware/callbacks.rb:26:in `call'
actionpack (7.0.3.1) lib/action_dispatch/middleware/executor.rb:14:in `call'
actionpack (7.0.3.1) lib/action_dispatch/middleware/actionable_exceptions.rb:17:in `call'
actionpack (7.0.3.1) lib/action_dispatch/middleware/debug_exceptions.rb:28:in `call'
web-console (4.2.0) lib/web_console/middleware.rb:132:in `call_app'
web-console (4.2.0) lib/web_console/middleware.rb:28:in `block in call'
web-console (4.2.0) lib/web_console/middleware.rb:17:in `catch'
web-console (4.2.0) lib/web_console/middleware.rb:17:in `call'
actionpack (7.0.3.1) lib/action_dispatch/middleware/show_exceptions.rb:26:in `call'
railties (7.0.3.1) lib/rails/rack/logger.rb:40:in `call_app'
railties (7.0.3.1) lib/rails/rack/logger.rb:25:in `block in call'
activesupport (7.0.3.1) lib/active_support/tagged_logging.rb:114:in `block in tagged'
activesupport (7.0.3.1) lib/active_support/tagged_logging.rb:38:in `tagged'
activesupport (7.0.3.1) lib/active_support/tagged_logging.rb:114:in `tagged'
railties (7.0.3.1) lib/rails/rack/logger.rb:25:in `call'
sprockets-rails (3.4.2) lib/sprockets/rails/quiet_assets.rb:13:in `call'
actionpack (7.0.3.1) lib/action_dispatch/middleware/remote_ip.rb:93:in `call'
actionpack (7.0.3.1) lib/action_dispatch/middleware/request_id.rb:26:in `call'
rack (2.2.4) lib/rack/method_override.rb:24:in `call'
rack (2.2.4) lib/rack/runtime.rb:22:in `call'
activesupport (7.0.3.1) lib/active_support/cache/strategy/local_cache_middleware.rb:29:in `call'
actionpack (7.0.3.1) lib/action_dispatch/middleware/server_timing.rb:20:in `call'
actionpack (7.0.3.1) lib/action_dispatch/middleware/executor.rb:14:in `call'
actionpack (7.0.3.1) lib/action_dispatch/middleware/static.rb:23:in `call'
rack (2.2.4) lib/rack/sendfile.rb:110:in `call'
actionpack (7.0.3.1) lib/action_dispatch/middleware/host_authorization.rb:137:in `call'
railties (7.0.3.1) lib/rails/engine.rb:530:in `call'
puma (5.6.5) lib/puma/configuration.rb:252:in `call'
puma (5.6.5) lib/puma/request.rb:77:in `block in handle_request'
puma (5.6.5) lib/puma/thread_pool.rb:340:in `with_force_shutdown'
puma (5.6.5) lib/puma/request.rb:76:in `handle_request'
puma (5.6.5) lib/puma/server.rb:443:in `process_client'
puma (5.6.5) lib/puma/thread_pool.rb:147:in `block in spawn_thread'
Started GET "/" for ::1 at 2022-08-26 15:43:40 +0400
Processing by PagesController#home as HTML
  Rendering layout layouts/application.html.erb
  Rendering pages/home.html.erb within layouts/application
  [1m[35m (0.1ms)[0m  [1m[34mSELECT sqlite_version(*)[0m
  ↳ app/views/pages/home.html.erb:3
  [1m[36mUser Load (0.2ms)[0m  [1m[34mSELECT "users".* FROM "users" WHERE "users"."id" = ? ORDER BY "users"."id" ASC LIMIT ?[0m  [["id", 1], ["LIMIT", 1]]
  ↳ app/views/pages/home.html.erb:3
  Rendered pages/home.html.erb within layouts/application (Duration: 6.7ms | Allocations: 4053)
  Rendered layouts/_navbar.html.erb (Duration: 0.5ms | Allocations: 136)
  Rendered layout layouts/application.html.erb (Duration: 17.8ms | Allocations: 17932)
Completed 200 OK in 20ms (Views: 19.2ms | ActiveRecord: 0.5ms | Allocations: 18958)


Started GET "/rooms" for ::1 at 2022-08-26 15:43:41 +0400
Processing by RoomsController#index as HTML
  [1m[36mUser Load (0.1ms)[0m  [1m[34mSELECT "users".* FROM "users" WHERE "users"."id" = ? ORDER BY "users"."id" ASC LIMIT ?[0m  [["id", 1], ["LIMIT", 1]]
  Rendering layout layouts/application.html.erb
  Rendering rooms/index.html.erb within layouts/application
  Rendered rooms/index.html.erb within layouts/application (Duration: 0.4ms | Allocations: 122)
  Rendered layouts/_navbar.html.erb (Duration: 0.0ms | Allocations: 14)
  Rendered layout layouts/application.html.erb (Duration: 2.9ms | Allocations: 2481)
Completed 200 OK in 11ms (Views: 4.1ms | ActiveRecord: 0.1ms | Allocations: 9427)


Started GET "/rooms" for ::1 at 2022-08-26 15:55:29 +0400
Processing by RoomsController#index as HTML
  [1m[35m (0.1ms)[0m  [1m[34mSELECT sqlite_version(*)[0m
  [1m[36mUser Load (0.1ms)[0m  [1m[34mSELECT "users".* FROM "users" WHERE "users"."id" = ? ORDER BY "users"."id" ASC LIMIT ?[0m  [["id", 1], ["LIMIT", 1]]
  Rendering layout layouts/application.html.erb
  Rendering rooms/index.html.erb within layouts/application
  Rendered rooms/index.html.erb within layouts/application (Duration: 0.6ms | Allocations: 123)
  Rendered layouts/_navbar.html.erb (Duration: 0.3ms | Allocations: 136)
  Rendered layout layouts/application.html.erb (Duration: 4.9ms | Allocations: 2888)
Completed 200 OK in 13ms (Views: 6.9ms | ActiveRecord: 0.5ms | Allocations: 6091)


Started GET "/rooms" for ::1 at 2022-08-26 15:56:41 +0400
Processing by RoomsController#index as HTML
  [1m[36mUser Load (0.2ms)[0m  [1m[34mSELECT "users".* FROM "users" WHERE "users"."id" = ? ORDER BY "users"."id" ASC LIMIT ?[0m  [["id", 1], ["LIMIT", 1]]
  Rendering layout layouts/application.html.erb
  Rendering rooms/index.html.erb within layouts/application
  Rendered rooms/index.html.erb within layouts/application (Duration: 0.6ms | Allocations: 128)
  Rendered layouts/_navbar.html.erb (Duration: 2.3ms | Allocations: 1264)
  Rendered layout layouts/application.html.erb (Duration: 8.7ms | Allocations: 4037)
Completed 500 Internal Server Error in 17ms (ActiveRecord: 0.2ms | Allocations: 6335)


  
ActionView::SyntaxErrorInTemplate (Encountered a syntax error while rendering template: check <div class="pos-f-t">
  <div class="collapse" id="navbarToggleExternalContent">
    <div class="bg-dark p-4">
      <h4 class="text-white">Collapsed content</h4>
      <span class="text-muted">Toggleable via the navbar brand.</span>
    </div>
  </div>
  <nav class="navbar navbar-dark bg-dark">
   <%= "Home", root_path, class:"navbar-brand" %>
    <button class="navbar-toggler" type="button" data-toggle="collapse" data-target="#navbarToggleExternalContent" aria-controls="navbarToggleExternalContent" aria-expanded="false" aria-label="Toggle navigation">
      <span class="navbar-toggler-icon"></span>
    </button>
  </nav>
</div>
):
1:    <div class="pos-f-t">
2:      <div class="collapse" id="navbarToggleExternalContent">
3:        <div class="bg-dark p-4">
4:          <h4 class="text-white">Collapsed content</h4>
5:          <span class="text-muted">Toggleable via the navbar brand.</span>
6:        </div>
7:      </div>
8:      <nav class="navbar navbar-dark bg-dark">
9:       <%= "Home", root_path, class:"navbar-brand" %>
10:        <button class="navbar-toggler" type="button" data-toggle="collapse" data-target="#navbarToggleExternalContent" aria-controls="navbarToggleExternalContent" aria-expanded="false" aria-label="Toggle navigation">
11:          <span class="navbar-toggler-icon"></span>
12:        </button>
13:      </nav>
14:    </div>
  
app/views/layouts/_navbar.html.erb:9: syntax error, unexpected ',', expecting ')'
app/views/layouts/_navbar.html.erb:9: syntax error, unexpected ',', expecting ')'
app/views/layouts/_navbar.html.erb:9: syntax error, unexpected ',', expecting ')'
app/views/layouts/_navbar.html.erb:9: syntax error, unexpected ',', expecting ')'
app/views/layouts/_navbar.html.erb:9: syntax error, unexpected ',', expecting ')'
app/views/layouts/_navbar.html.erb:9: syntax error, unexpected ',', expecting ')'
app/views/layouts/application.html.erb:16
Started GET "/rooms" for ::1 at 2022-08-26 15:56:50 +0400
Processing by RoomsController#index as HTML
  [1m[36mUser Load (0.1ms)[0m  [1m[34mSELECT "users".* FROM "users" WHERE "users"."id" = ? ORDER BY "users"."id" ASC LIMIT ?[0m  [["id", 1], ["LIMIT", 1]]
  Rendering layout layouts/application.html.erb
  Rendering rooms/index.html.erb within layouts/application
  Rendered rooms/index.html.erb within layouts/application (Duration: 0.4ms | Allocations: 123)
  Rendered layouts/_navbar.html.erb (Duration: 0.7ms | Allocations: 1253)
  Rendered layout layouts/application.html.erb (Duration: 4.2ms | Allocations: 4020)
Completed 500 Internal Server Error in 9ms (ActiveRecord: 0.1ms | Allocations: 6315)


  
ActionView::SyntaxErrorInTemplate (Encountered a syntax error while rendering template: check <div class="pos-f-t">
  <div class="collapse" id="navbarToggleExternalContent">
    <div class="bg-dark p-4">
      <h4 class="text-white">Collapsed content</h4>
      <span class="text-muted">Toggleable via the navbar brand.</span>
    </div>
  </div>
  <nav class="navbar navbar-dark bg-dark">
   <%= Home, root_path, class:"navbar-brand" %>
    <button class="navbar-toggler" type="button" data-toggle="collapse" data-target="#navbarToggleExternalContent" aria-controls="navbarToggleExternalContent" aria-expanded="false" aria-label="Toggle navigation">
      <span class="navbar-toggler-icon"></span>
    </button>
  </nav>
</div>
):
1:    <div class="pos-f-t">
2:      <div class="collapse" id="navbarToggleExternalContent">
3:        <div class="bg-dark p-4">
4:          <h4 class="text-white">Collapsed content</h4>
5:          <span class="text-muted">Toggleable via the navbar brand.</span>
6:        </div>
7:      </div>
8:      <nav class="navbar navbar-dark bg-dark">
9:       <%= Home, root_path, class:"navbar-brand" %>
10:        <button class="navbar-toggler" type="button" data-toggle="collapse" data-target="#navbarToggleExternalContent" aria-controls="navbarToggleExternalContent" aria-expanded="false" aria-label="Toggle navigation">
11:          <span class="navbar-toggler-icon"></span>
12:        </button>
13:      </nav>
14:    </div>
  
app/views/layouts/_navbar.html.erb:9: dynamic constant assignment
app/views/layouts/_navbar.html.erb:9: syntax error, unexpected label, expecting '='
app/views/layouts/_navbar.html.erb:9: dynamic constant assignment
app/views/layouts/_navbar.html.erb:9: syntax error, unexpected label, expecting '='
app/views/layouts/_navbar.html.erb:9: dynamic constant assignment
app/views/layouts/_navbar.html.erb:9: syntax error, unexpected label, expecting '='
app/views/layouts/_navbar.html.erb:9: dynamic constant assignment
app/views/layouts/_navbar.html.erb:9: syntax error, unexpected label, expecting '='
app/views/layouts/_navbar.html.erb:9: dynamic constant assignment
app/views/layouts/_navbar.html.erb:9: syntax error, unexpected label, expecting '='
app/views/layouts/_navbar.html.erb:9: dynamic constant assignment
app/views/layouts/_navbar.html.erb:9: syntax error, unexpected label, expecting '='
app/views/layouts/application.html.erb:16
Started GET "/rooms" for ::1 at 2022-08-26 15:57:09 +0400
Processing by RoomsController#index as HTML
  [1m[36mUser Load (0.1ms)[0m  [1m[34mSELECT "users".* FROM "users" WHERE "users"."id" = ? ORDER BY "users"."id" ASC LIMIT ?[0m  [["id", 1], ["LIMIT", 1]]
  Rendering layout layouts/application.html.erb
  Rendering rooms/index.html.erb within layouts/application
  Rendered rooms/index.html.erb within layouts/application (Duration: 0.7ms | Allocations: 123)
  Rendered layouts/_navbar.html.erb (Duration: 0.7ms | Allocations: 229)
  Rendered layout layouts/application.html.erb (Duration: 6.6ms | Allocations: 2996)
Completed 200 OK in 11ms (Views: 8.0ms | ActiveRecord: 0.1ms | Allocations: 5317)


Started GET "/" for ::1 at 2022-08-26 15:57:10 +0400
Processing by PagesController#home as HTML
  Rendering layout layouts/application.html.erb
  Rendering pages/home.html.erb within layouts/application
  [1m[36mUser Load (0.1ms)[0m  [1m[34mSELECT "users".* FROM "users" WHERE "users"."id" = ? ORDER BY "users"."id" ASC LIMIT ?[0m  [["id", 1], ["LIMIT", 1]]
  ↳ app/views/pages/home.html.erb:3
  Rendered pages/home.html.erb within layouts/application (Duration: 2.6ms | Allocations: 1409)
  Rendered layouts/_navbar.html.erb (Duration: 0.1ms | Allocations: 53)
  Rendered layout layouts/application.html.erb (Duration: 5.4ms | Allocations: 3783)
Completed 200 OK in 7ms (Views: 6.8ms | ActiveRecord: 0.1ms | Allocations: 4646)


Started GET "/rooms" for ::1 at 2022-08-26 15:57:13 +0400
Processing by RoomsController#index as HTML
  [1m[36mUser Load (0.1ms)[0m  [1m[34mSELECT "users".* FROM "users" WHERE "users"."id" = ? ORDER BY "users"."id" ASC LIMIT ?[0m  [["id", 1], ["LIMIT", 1]]
  Rendering layout layouts/application.html.erb
  Rendering rooms/index.html.erb within layouts/application
  Rendered rooms/index.html.erb within layouts/application (Duration: 0.0ms | Allocations: 15)
  Rendered layouts/_navbar.html.erb (Duration: 0.1ms | Allocations: 63)
  Rendered layout layouts/application.html.erb (Duration: 3.0ms | Allocations: 2342)
Completed 200 OK in 6ms (Views: 3.4ms | ActiveRecord: 0.1ms | Allocations: 3947)


Started GET "/" for ::1 at 2022-08-29 12:59:27 +0400
  [1m[35m (1.0ms)[0m  [1m[34mSELECT sqlite_version(*)[0m
  [1m[36mActiveRecord::SchemaMigration Pluck (0.1ms)[0m  [1m[34mSELECT "schema_migrations"."version" FROM "schema_migrations" ORDER BY "schema_migrations"."version" ASC[0m
Processing by PagesController#home as HTML
  Rendering layout layouts/application.html.erb
  Rendering pages/home.html.erb within layouts/application
  [1m[36mUser Load (0.1ms)[0m  [1m[34mSELECT "users".* FROM "users" WHERE "users"."id" = ? ORDER BY "users"."id" ASC LIMIT ?[0m  [["id", 1], ["LIMIT", 1]]
  ↳ app/views/pages/home.html.erb:3
  Rendered pages/home.html.erb within layouts/application (Duration: 12.2ms | Allocations: 10106)
  Rendered layouts/_navbar.html.erb (Duration: 0.5ms | Allocations: 204)
  Rendered layout layouts/application.html.erb (Duration: 47.1ms | Allocations: 45050)
Completed 200 OK in 56ms (Views: 49.1ms | ActiveRecord: 0.6ms | Allocations: 50399)


Started GET "/" for ::1 at 2022-08-29 12:59:30 +0400
Processing by PagesController#home as HTML
  Rendering layout layouts/application.html.erb
  Rendering pages/home.html.erb within layouts/application
  [1m[36mUser Load (0.1ms)[0m  [1m[34mSELECT "users".* FROM "users" WHERE "users"."id" = ? ORDER BY "users"."id" ASC LIMIT ?[0m  [["id", 1], ["LIMIT", 1]]
  ↳ app/views/pages/home.html.erb:3
  Rendered pages/home.html.erb within layouts/application (Duration: 3.2ms | Allocations: 1175)
  Rendered layouts/_navbar.html.erb (Duration: 0.1ms | Allocations: 49)
  Rendered layout layouts/application.html.erb (Duration: 5.8ms | Allocations: 3474)
Completed 200 OK in 7ms (Views: 6.2ms | ActiveRecord: 0.1ms | Allocations: 3804)


Started GET "/rooms" for ::1 at 2022-08-29 12:59:33 +0400
Processing by RoomsController#index as HTML
  [1m[36mUser Load (0.3ms)[0m  [1m[34mSELECT "users".* FROM "users" WHERE "users"."id" = ? ORDER BY "users"."id" ASC LIMIT ?[0m  [["id", 1], ["LIMIT", 1]]
  Rendering layout layouts/application.html.erb
  Rendering rooms/index.html.erb within layouts/application
  Rendered rooms/index.html.erb within layouts/application (Duration: 1.1ms | Allocations: 121)
  Rendered layouts/_navbar.html.erb (Duration: 0.4ms | Allocations: 80)
  Rendered layout layouts/application.html.erb (Duration: 7.1ms | Allocations: 2547)
Completed 200 OK in 35ms (Views: 10.1ms | ActiveRecord: 0.9ms | Allocations: 9985)


Started GET "/" for ::1 at 2022-08-29 12:59:34 +0400
Processing by PagesController#home as HTML
  Rendering layout layouts/application.html.erb
  Rendering pages/home.html.erb within layouts/application
  [1m[36mUser Load (0.1ms)[0m  [1m[34mSELECT "users".* FROM "users" WHERE "users"."id" = ? ORDER BY "users"."id" ASC LIMIT ?[0m  [["id", 1], ["LIMIT", 1]]
  ↳ app/views/pages/home.html.erb:3
  Rendered pages/home.html.erb within layouts/application (Duration: 2.2ms | Allocations: 1186)
  Rendered layouts/_navbar.html.erb (Duration: 0.1ms | Allocations: 49)
  Rendered layout layouts/application.html.erb (Duration: 4.5ms | Allocations: 3485)
Completed 200 OK in 5ms (Views: 4.8ms | ActiveRecord: 0.1ms | Allocations: 3814)


Started GET "/rooms" for ::1 at 2022-08-29 12:59:36 +0400
Processing by RoomsController#index as HTML
  [1m[36mUser Load (0.1ms)[0m  [1m[34mSELECT "users".* FROM "users" WHERE "users"."id" = ? ORDER BY "users"."id" ASC LIMIT ?[0m  [["id", 1], ["LIMIT", 1]]
  Rendering layout layouts/application.html.erb
  Rendering rooms/index.html.erb within layouts/application
  Rendered rooms/index.html.erb within layouts/application (Duration: 0.0ms | Allocations: 15)
  Rendered layouts/_navbar.html.erb (Duration: 0.2ms | Allocations: 63)
  Rendered layout layouts/application.html.erb (Duration: 2.6ms | Allocations: 2343)
Completed 200 OK in 6ms (Views: 3.0ms | ActiveRecord: 0.1ms | Allocations: 3967)


Started GET "/" for ::1 at 2022-08-29 12:59:52 +0400
Processing by PagesController#home as HTML
  Rendering layout layouts/application.html.erb
  Rendering pages/home.html.erb within layouts/application
  [1m[36mUser Load (0.2ms)[0m  [1m[34mSELECT "users".* FROM "users" WHERE "users"."id" = ? ORDER BY "users"."id" ASC LIMIT ?[0m  [["id", 1], ["LIMIT", 1]]
  ↳ app/views/pages/home.html.erb:3
  Rendered pages/home.html.erb within layouts/application (Duration: 3.5ms | Allocations: 1170)
  Rendered layouts/_navbar.html.erb (Duration: 0.1ms | Allocations: 49)
  Rendered layout layouts/application.html.erb (Duration: 7.4ms | Allocations: 3468)
Completed 200 OK in 9ms (Views: 7.9ms | ActiveRecord: 0.2ms | Allocations: 3792)


Started GET "/" for ::1 at 2022-08-29 13:00:16 +0400
Processing by PagesController#home as HTML
  Rendering layout layouts/application.html.erb
  Rendering pages/home.html.erb within layouts/application
  [1m[36mUser Load (0.1ms)[0m  [1m[34mSELECT "users".* FROM "users" WHERE "users"."id" = ? ORDER BY "users"."id" ASC LIMIT ?[0m  [["id", 1], ["LIMIT", 1]]
  ↳ app/views/pages/home.html.erb:3
  Rendered pages/home.html.erb within layouts/application (Duration: 2.8ms | Allocations: 1413)
  Rendered layouts/_navbar.html.erb (Duration: 0.5ms | Allocations: 214)
  Rendered layout layouts/application.html.erb (Duration: 6.0ms | Allocations: 4233)
Completed 200 OK in 8ms (Views: 7.2ms | ActiveRecord: 0.1ms | Allocations: 5272)


Started GET "/" for ::1 at 2022-08-29 14:33:57 +0400
Processing by PagesController#home as HTML
  Rendering layout layouts/application.html.erb
  Rendering pages/home.html.erb within layouts/application
  [1m[35m (0.1ms)[0m  [1m[34mSELECT sqlite_version(*)[0m
  ↳ app/views/pages/home.html.erb:3
  [1m[36mUser Load (0.1ms)[0m  [1m[34mSELECT "users".* FROM "users" WHERE "users"."id" = ? ORDER BY "users"."id" ASC LIMIT ?[0m  [["id", 1], ["LIMIT", 1]]
  ↳ app/views/pages/home.html.erb:3
  Rendered pages/home.html.erb within layouts/application (Duration: 4.3ms | Allocations: 2061)
  Rendered layouts/_navbar.html.erb (Duration: 0.3ms | Allocations: 198)
  Rendered layout layouts/application.html.erb (Duration: 7.5ms | Allocations: 4865)
Completed 200 OK in 9ms (Views: 8.8ms | ActiveRecord: 0.5ms | Allocations: 5902)


Started GET "/rooms" for ::1 at 2022-08-29 14:34:00 +0400
Processing by RoomsController#index as HTML
  [1m[36mUser Load (0.1ms)[0m  [1m[34mSELECT "users".* FROM "users" WHERE "users"."id" = ? ORDER BY "users"."id" ASC LIMIT ?[0m  [["id", 1], ["LIMIT", 1]]
  Rendering layout layouts/application.html.erb
  Rendering rooms/index.html.erb within layouts/application
  [1m[36mUser Load (0.1ms)[0m  [1m[34mSELECT "users".* FROM "users" WHERE "users"."id" != ?[0m  [["id", 1]]
  ↳ app/views/rooms/index.html.erb:4
  Rendered collection of templates [0 times] (Duration: 0.0ms | Allocations: 23)
  [1m[36mRoom Load (0.1ms)[0m  [1m[34mSELECT "rooms".* FROM "rooms" WHERE "rooms"."is_private" = ?[0m  [["is_private", 0]]
  ↳ app/views/rooms/index.html.erb:6
  Rendered collection of templates [0 times] (Duration: 0.0ms | Allocations: 13)
  Rendered rooms/index.html.erb within layouts/application (Duration: 2.3ms | Allocations: 1591)
  Rendered layouts/_navbar.html.erb (Duration: 0.2ms | Allocations: 79)
  Rendered layout layouts/application.html.erb (Duration: 5.3ms | Allocations: 4010)
Completed 200 OK in 9ms (Views: 6.3ms | ActiveRecord: 0.3ms | Allocations: 6165)


Started GET "/rooms" for ::1 at 2022-08-29 14:34:54 +0400
Processing by RoomsController#index as HTML
  [1m[36mUser Load (0.1ms)[0m  [1m[34mSELECT "users".* FROM "users" WHERE "users"."id" = ? ORDER BY "users"."id" ASC LIMIT ?[0m  [["id", 1], ["LIMIT", 1]]
  Rendering layout layouts/application.html.erb
  Rendering rooms/index.html.erb within layouts/application
  Rendered rooms/index.html.erb within layouts/application (Duration: 12.5ms | Allocations: 7212)
  Rendered layout layouts/application.html.erb (Duration: 12.8ms | Allocations: 7291)
Completed 500 Internal Server Error in 17ms (ActiveRecord: 0.1ms | Allocations: 9591)


  
ActionView::Template::Error (undefined method `username' for #<User id: 1, email: "mesxiana3@gmail.com", created_at: "2022-08-26 10:52:15.268229000 +0000", updated_at: "2022-08-26 11:07:28.887430000 +0000">):
    1: <div class="container">
    2: <h5><%= current_user.username %></h5>
    3: <h4> Users </h4>
    4: <%= render @users %>
    5: <h4> Rooms </h4>
  
app/views/rooms/index.html.erb:2
Started GET "/rooms" for ::1 at 2022-08-29 14:36:57 +0400
Processing by RoomsController#index as HTML
  [1m[36mUser Load (0.2ms)[0m  [1m[34mSELECT "users".* FROM "users" WHERE "users"."id" = ? ORDER BY "users"."id" ASC LIMIT ?[0m  [["id", 1], ["LIMIT", 1]]
  Rendering layout layouts/application.html.erb
  Rendering rooms/index.html.erb within layouts/application
  [1m[36mUser Load (0.1ms)[0m  [1m[34mSELECT "users".* FROM "users" WHERE "users"."id" != ?[0m  [["id", 1]]
  ↳ app/views/rooms/index.html.erb:4
  Rendered collection of templates [0 times] (Duration: 0.0ms | Allocations: 13)
  [1m[36mRoom Load (0.0ms)[0m  [1m[34mSELECT "rooms".* FROM "rooms" WHERE "rooms"."is_private" = ?[0m  [["is_private", 0]]
  ↳ app/views/rooms/index.html.erb:6
  Rendered collection of templates [0 times] (Duration: 0.0ms | Allocations: 13)
  Rendered rooms/index.html.erb within layouts/application (Duration: 2.4ms | Allocations: 1465)
  Rendered layouts/_navbar.html.erb (Duration: 0.7ms | Allocations: 224)
  Rendered layout layouts/application.html.erb (Duration: 6.3ms | Allocations: 4332)
Completed 200 OK in 11ms (Views: 7.7ms | ActiveRecord: 0.3ms | Allocations: 6649)


Started GET "/" for ::1 at 2022-08-29 14:37:00 +0400
Processing by PagesController#home as HTML
  Rendering layout layouts/application.html.erb
  Rendering pages/home.html.erb within layouts/application
  [1m[36mUser Load (0.1ms)[0m  [1m[34mSELECT "users".* FROM "users" WHERE "users"."id" = ? ORDER BY "users"."id" ASC LIMIT ?[0m  [["id", 1], ["LIMIT", 1]]
  ↳ app/views/pages/home.html.erb:3
  Rendered pages/home.html.erb within layouts/application (Duration: 3.5ms | Allocations: 1416)
  Rendered layouts/_navbar.html.erb (Duration: 0.1ms | Allocations: 53)
  Rendered layout layouts/application.html.erb (Duration: 6.7ms | Allocations: 3790)
Completed 200 OK in 8ms (Views: 7.9ms | ActiveRecord: 0.1ms | Allocations: 4655)


Started DELETE "/users/sign_out" for ::1 at 2022-08-29 14:37:02 +0400
Processing by Devise::SessionsController#destroy as TURBO_STREAM
  Parameters: {"authenticity_token"=>"[FILTERED]"}
  [1m[36mUser Load (0.1ms)[0m  [1m[34mSELECT "users".* FROM "users" WHERE "users"."id" = ? ORDER BY "users"."id" ASC LIMIT ?[0m  [["id", 1], ["LIMIT", 1]]
Redirected to http://localhost:3000/
Completed 302 Found in 10ms (ActiveRecord: 0.1ms | Allocations: 4306)


Started GET "/" for ::1 at 2022-08-29 14:37:02 +0400
Processing by PagesController#home as TURBO_STREAM
  Rendering layout layouts/application.html.erb
  Rendering pages/home.html.erb within layouts/application
  Rendered pages/home.html.erb within layouts/application (Duration: 1.3ms | Allocations: 392)
  Rendered layouts/_navbar.html.erb (Duration: 0.1ms | Allocations: 49)
  Rendered layout layouts/application.html.erb (Duration: 4.1ms | Allocations: 2761)
Completed 200 OK in 5ms (Views: 4.4ms | ActiveRecord: 0.0ms | Allocations: 3136)


Started GET "/users/sign_in" for ::1 at 2022-08-29 14:37:05 +0400
Processing by Devise::SessionsController#new as HTML
  Rendering layout layouts/application.html.erb
  Rendering /home/unisens/.rvm/gems/ruby-3.0.0/gems/devise-4.8.1/app/views/devise/sessions/new.html.erb within layouts/application
  Rendered /home/unisens/.rvm/gems/ruby-3.0.0/gems/devise-4.8.1/app/views/devise/shared/_links.html.erb (Duration: 1.3ms | Allocations: 846)
  Rendered /home/unisens/.rvm/gems/ruby-3.0.0/gems/devise-4.8.1/app/views/devise/sessions/new.html.erb within layouts/application (Duration: 10.9ms | Allocations: 4617)
  Rendered layouts/_navbar.html.erb (Duration: 0.1ms | Allocations: 59)
  Rendered layout layouts/application.html.erb (Duration: 13.4ms | Allocations: 6975)
Completed 200 OK in 18ms (Views: 15.2ms | ActiveRecord: 0.0ms | Allocations: 8904)


Started POST "/users/sign_in" for ::1 at 2022-08-29 14:37:09 +0400
Processing by Devise::SessionsController#create as TURBO_STREAM
  Parameters: {"authenticity_token"=>"[FILTERED]", "user"=>{"email"=>"mesxiana3@gmail.com", "password"=>"[FILTERED]", "remember_me"=>"0"}, "commit"=>"Log in"}
  [1m[36mUser Load (0.4ms)[0m  [1m[34mSELECT "users".* FROM "users" WHERE "users"."email" = ? ORDER BY "users"."id" ASC LIMIT ?[0m  [["email", "mesxiana3@gmail.com"], ["LIMIT", 1]]
Completed 401 Unauthorized in 276ms (ActiveRecord: 0.4ms | Allocations: 2614)


Started GET "/users/sign_in" for ::1 at 2022-08-29 14:37:10 +0400
Processing by Devise::SessionsController#new as TURBO_STREAM
  Rendering layout layouts/application.html.erb
  Rendering /home/unisens/.rvm/gems/ruby-3.0.0/gems/devise-4.8.1/app/views/devise/sessions/new.html.erb within layouts/application
  Rendered /home/unisens/.rvm/gems/ruby-3.0.0/gems/devise-4.8.1/app/views/devise/shared/_links.html.erb (Duration: 0.2ms | Allocations: 142)
  Rendered /home/unisens/.rvm/gems/ruby-3.0.0/gems/devise-4.8.1/app/views/devise/sessions/new.html.erb within layouts/application (Duration: 1.9ms | Allocations: 1277)
  Rendered layouts/_navbar.html.erb (Duration: 0.1ms | Allocations: 50)
  Rendered layout layouts/application.html.erb (Duration: 4.3ms | Allocations: 3556)
Completed 200 OK in 6ms (Views: 4.8ms | ActiveRecord: 0.0ms | Allocations: 4293)


Started POST "/users/sign_in" for ::1 at 2022-08-29 14:37:14 +0400
Processing by Devise::SessionsController#create as TURBO_STREAM
  Parameters: {"authenticity_token"=>"[FILTERED]", "user"=>{"email"=>"mesxiana3@gmail.com", "password"=>"[FILTERED]", "remember_me"=>"0"}, "commit"=>"Log in"}
  [1m[36mUser Load (0.1ms)[0m  [1m[34mSELECT "users".* FROM "users" WHERE "users"."email" = ? ORDER BY "users"."id" ASC LIMIT ?[0m  [["email", "mesxiana3@gmail.com"], ["LIMIT", 1]]
Redirected to http://localhost:3000/
Completed 302 Found in 269ms (ActiveRecord: 0.1ms | Allocations: 2675)


Started GET "/" for ::1 at 2022-08-29 14:37:14 +0400
Processing by PagesController#home as TURBO_STREAM
  Rendering layout layouts/application.html.erb
  Rendering pages/home.html.erb within layouts/application
  [1m[36mUser Load (0.1ms)[0m  [1m[34mSELECT "users".* FROM "users" WHERE "users"."id" = ? ORDER BY "users"."id" ASC LIMIT ?[0m  [["id", 1], ["LIMIT", 1]]
  ↳ app/views/pages/home.html.erb:3
  Rendered pages/home.html.erb within layouts/application (Duration: 1.8ms | Allocations: 1177)
  Rendered layouts/_navbar.html.erb (Duration: 0.1ms | Allocations: 49)
  Rendered layout layouts/application.html.erb (Duration: 4.2ms | Allocations: 3494)
Completed 200 OK in 5ms (Views: 4.5ms | ActiveRecord: 0.1ms | Allocations: 3823)


Started GET "/rooms" for ::1 at 2022-08-29 14:37:23 +0400
Processing by RoomsController#index as HTML
  [1m[36mUser Load (0.1ms)[0m  [1m[34mSELECT "users".* FROM "users" WHERE "users"."id" = ? ORDER BY "users"."id" ASC LIMIT ?[0m  [["id", 1], ["LIMIT", 1]]
  Rendering layout layouts/application.html.erb
  Rendering rooms/index.html.erb within layouts/application
  [1m[36mUser Load (0.1ms)[0m  [1m[34mSELECT "users".* FROM "users" WHERE "users"."id" != ?[0m  [["id", 1]]
  ↳ app/views/rooms/index.html.erb:4
  Rendered collection of templates [0 times] (Duration: 0.0ms | Allocations: 13)
  [1m[36mRoom Load (0.0ms)[0m  [1m[34mSELECT "rooms".* FROM "rooms" WHERE "rooms"."is_private" = ?[0m  [["is_private", 0]]
  ↳ app/views/rooms/index.html.erb:6
  Rendered collection of templates [0 times] (Duration: 0.0ms | Allocations: 13)
  Rendered rooms/index.html.erb within layouts/application (Duration: 1.8ms | Allocations: 1299)
  Rendered layouts/_navbar.html.erb (Duration: 0.1ms | Allocations: 63)
  Rendered layout layouts/application.html.erb (Duration: 4.5ms | Allocations: 3625)
Completed 200 OK in 8ms (Views: 4.8ms | ActiveRecord: 0.2ms | Allocations: 5228)


Started GET "/" for 127.0.0.1 at 2022-08-29 15:07:55 +0400
  [1m[35m (0.4ms)[0m  [1m[34mSELECT sqlite_version(*)[0m
  [1m[36mActiveRecord::SchemaMigration Pluck (0.1ms)[0m  [1m[34mSELECT "schema_migrations"."version" FROM "schema_migrations" ORDER BY "schema_migrations"."version" ASC[0m
Processing by PagesController#home as HTML
  Rendering layout layouts/application.html.erb
  Rendering pages/home.html.erb within layouts/application
  Rendered pages/home.html.erb within layouts/application (Duration: 3.4ms | Allocations: 948)
  Rendered layouts/_navbar.html.erb (Duration: 0.6ms | Allocations: 204)
  Rendered layout layouts/application.html.erb (Duration: 43.8ms | Allocations: 35912)
Completed 200 OK in 51ms (Views: 46.1ms | ActiveRecord: 0.0ms | Allocations: 41262)


Started GET "/users/sign_in" for 127.0.0.1 at 2022-08-29 15:07:58 +0400
Processing by Devise::SessionsController#new as HTML
  Rendering layout layouts/application.html.erb
  Rendering /home/unisens/.rvm/gems/ruby-3.0.0/gems/devise-4.8.1/app/views/devise/sessions/new.html.erb within layouts/application
  Rendered /home/unisens/.rvm/gems/ruby-3.0.0/gems/devise-4.8.1/app/views/devise/shared/_links.html.erb (Duration: 1.1ms | Allocations: 846)
  Rendered /home/unisens/.rvm/gems/ruby-3.0.0/gems/devise-4.8.1/app/views/devise/sessions/new.html.erb within layouts/application (Duration: 8.2ms | Allocations: 6721)
  Rendered layouts/_navbar.html.erb (Duration: 0.1ms | Allocations: 59)
  Rendered layout layouts/application.html.erb (Duration: 10.3ms | Allocations: 9080)
Completed 200 OK in 20ms (Views: 12.1ms | ActiveRecord: 0.4ms | Allocations: 17152)


Started POST "/users/sign_in" for 127.0.0.1 at 2022-08-29 15:08:04 +0400
Processing by Devise::SessionsController#create as TURBO_STREAM
  Parameters: {"authenticity_token"=>"[FILTERED]", "user"=>{"email"=>"mesxiana3@gmail.com", "password"=>"[FILTERED]", "remember_me"=>"0"}, "commit"=>"Log in"}
  [1m[36mUser Load (0.4ms)[0m  [1m[34mSELECT "users".* FROM "users" WHERE "users"."email" = ? ORDER BY "users"."id" ASC LIMIT ?[0m  [["email", "mesxiana3@gmail.com"], ["LIMIT", 1]]
Redirected to http://127.0.0.1:3000/
Completed 302 Found in 287ms (ActiveRecord: 0.4ms | Allocations: 6523)


Started GET "/" for 127.0.0.1 at 2022-08-29 15:08:04 +0400
Processing by PagesController#home as TURBO_STREAM
  Rendering layout layouts/application.html.erb
  Rendering pages/home.html.erb within layouts/application
  [1m[36mUser Load (0.2ms)[0m  [1m[34mSELECT "users".* FROM "users" WHERE "users"."id" = ? ORDER BY "users"."id" ASC LIMIT ?[0m  [["id", 1], ["LIMIT", 1]]
  ↳ app/views/pages/home.html.erb:3
  Rendered pages/home.html.erb within layouts/application (Duration: 2.2ms | Allocations: 1272)
  Rendered layouts/_navbar.html.erb (Duration: 0.1ms | Allocations: 49)
  Rendered layout layouts/application.html.erb (Duration: 4.7ms | Allocations: 3621)
Completed 200 OK in 6ms (Views: 5.0ms | ActiveRecord: 0.2ms | Allocations: 3997)


Started GET "/rooms" for 127.0.0.1 at 2022-08-29 15:08:05 +0400
Processing by RoomsController#index as HTML
  [1m[36mUser Load (0.1ms)[0m  [1m[34mSELECT "users".* FROM "users" WHERE "users"."id" = ? ORDER BY "users"."id" ASC LIMIT ?[0m  [["id", 1], ["LIMIT", 1]]
  Rendering layout layouts/application.html.erb
  Rendering rooms/index.html.erb within layouts/application
  [1m[36mUser Load (0.1ms)[0m  [1m[34mSELECT "users".* FROM "users" WHERE "users"."id" != ?[0m  [["id", 1]]
  ↳ app/views/rooms/index.html.erb:4
  Rendered collection of templates [0 times] (Duration: 0.0ms | Allocations: 23)
  [1m[36mRoom Load (0.1ms)[0m  [1m[34mSELECT "rooms".* FROM "rooms" WHERE "rooms"."is_private" = ?[0m  [["is_private", 0]]
  ↳ app/views/rooms/index.html.erb:6
  Rendered collection of templates [0 times] (Duration: 0.0ms | Allocations: 13)
  Rendered rooms/index.html.erb within layouts/application (Duration: 2.2ms | Allocations: 1589)
  Rendered layouts/_navbar.html.erb (Duration: 0.2ms | Allocations: 80)
  Rendered layout layouts/application.html.erb (Duration: 4.6ms | Allocations: 4011)
Completed 200 OK in 10ms (Views: 5.4ms | ActiveRecord: 0.5ms | Allocations: 7218)


Started GET "/" for 127.0.0.1 at 2022-08-29 15:14:19 +0400
  [1m[35m (0.7ms)[0m  [1m[34mSELECT sqlite_version(*)[0m
  [1m[36mActiveRecord::SchemaMigration Pluck (0.2ms)[0m  [1m[34mSELECT "schema_migrations"."version" FROM "schema_migrations" ORDER BY "schema_migrations"."version" ASC[0m
Processing by PagesController#home as HTML
  Rendering layout layouts/application.html.erb
  Rendering pages/home.html.erb within layouts/application
  [1m[36mUser Load (0.1ms)[0m  [1m[34mSELECT "users".* FROM "users" WHERE "users"."id" = ? ORDER BY "users"."id" ASC LIMIT ?[0m  [["id", 1], ["LIMIT", 1]]
  ↳ app/views/pages/home.html.erb:3
  Rendered pages/home.html.erb within layouts/application (Duration: 14.9ms | Allocations: 10112)
  Rendered layouts/_navbar.html.erb (Duration: 0.5ms | Allocations: 204)
  Rendered layout layouts/application.html.erb (Duration: 50.0ms | Allocations: 45124)
Completed 200 OK in 61ms (Views: 52.4ms | ActiveRecord: 0.6ms | Allocations: 50473)


Started GET "/rooms" for 127.0.0.1 at 2022-08-29 15:14:21 +0400
Processing by RoomsController#index as HTML
  [1m[36mUser Load (0.1ms)[0m  [1m[34mSELECT "users".* FROM "users" WHERE "users"."id" = ? ORDER BY "users"."id" ASC LIMIT ?[0m  [["id", 1], ["LIMIT", 1]]
  Rendering layout layouts/application.html.erb
  Rendering rooms/index.html.erb within layouts/application
  [1m[36mUser Load (0.2ms)[0m  [1m[34mSELECT "users".* FROM "users" WHERE "users"."id" != ?[0m  [["id", 1]]
  ↳ app/views/rooms/index.html.erb:4
  Rendered collection of templates [0 times] (Duration: 0.0ms | Allocations: 23)
  [1m[36mRoom Load (0.1ms)[0m  [1m[34mSELECT "rooms".* FROM "rooms" WHERE "rooms"."is_private" = ?[0m  [["is_private", 0]]
  ↳ app/views/rooms/index.html.erb:6
  Rendered collection of templates [0 times] (Duration: 0.0ms | Allocations: 13)
  Rendered rooms/index.html.erb within layouts/application (Duration: 2.9ms | Allocations: 1590)
  Rendered layouts/_navbar.html.erb (Duration: 0.1ms | Allocations: 80)
  Rendered layout layouts/application.html.erb (Duration: 5.2ms | Allocations: 4012)
Completed 200 OK in 13ms (Views: 6.4ms | ActiveRecord: 0.6ms | Allocations: 11438)


Started GET "/users/sign_up" for ::1 at 2022-08-29 19:12:37 +0400
  [1m[35m (0.6ms)[0m  [1m[34mSELECT sqlite_version(*)[0m
  [1m[36mActiveRecord::SchemaMigration Pluck (0.1ms)[0m  [1m[34mSELECT "schema_migrations"."version" FROM "schema_migrations" ORDER BY "schema_migrations"."version" ASC[0m
Processing by Devise::RegistrationsController#new as HTML
  Rendering layout layouts/application.html.erb
  Rendering /home/unisens/.rvm/gems/ruby-3.0.0/gems/devise-4.8.1/app/views/devise/registrations/new.html.erb within layouts/application
  Rendered /home/unisens/.rvm/gems/ruby-3.0.0/gems/devise-4.8.1/app/views/devise/shared/_error_messages.html.erb (Duration: 0.6ms | Allocations: 247)
  Rendered /home/unisens/.rvm/gems/ruby-3.0.0/gems/devise-4.8.1/app/views/devise/shared/_links.html.erb (Duration: 1.1ms | Allocations: 672)
  Rendered /home/unisens/.rvm/gems/ruby-3.0.0/gems/devise-4.8.1/app/views/devise/registrations/new.html.erb within layouts/application (Duration: 9.9ms | Allocations: 6964)
  Rendered layouts/_navbar.html.erb (Duration: 0.7ms | Allocations: 212)
  Rendered layout layouts/application.html.erb (Duration: 45.8ms | Allocations: 43250)
Completed 200 OK in 62ms (Views: 49.1ms | ActiveRecord: 0.5ms | Allocations: 55410)


Started POST "/users" for ::1 at 2022-08-29 19:12:48 +0400
Processing by Devise::RegistrationsController#create as TURBO_STREAM
  Parameters: {"authenticity_token"=>"[FILTERED]", "user"=>{"email"=>"mesxiana3@gmail.com", "password"=>"[FILTERED]", "password_confirmation"=>"[FILTERED]"}, "commit"=>"Sign up"}
  [1m[36mTRANSACTION (0.1ms)[0m  [1m[36mbegin transaction[0m
  [1m[36mUser Exists? (0.2ms)[0m  [1m[34mSELECT 1 AS one FROM "users" WHERE "users"."email" = ? LIMIT ?[0m  [["email", "mesxiana3@gmail.com"], ["LIMIT", 1]]
  [1m[36mTRANSACTION (0.0ms)[0m  [1m[31mrollback transaction[0m
  Rendering layout layouts/application.html.erb
  Rendering /home/unisens/.rvm/gems/ruby-3.0.0/gems/devise-4.8.1/app/views/devise/registrations/new.html.erb within layouts/application
  Rendered /home/unisens/.rvm/gems/ruby-3.0.0/gems/devise-4.8.1/app/views/devise/shared/_error_messages.html.erb (Duration: 0.8ms | Allocations: 571)
  Rendered /home/unisens/.rvm/gems/ruby-3.0.0/gems/devise-4.8.1/app/views/devise/shared/_links.html.erb (Duration: 0.2ms | Allocations: 99)
  Rendered /home/unisens/.rvm/gems/ruby-3.0.0/gems/devise-4.8.1/app/views/devise/registrations/new.html.erb within layouts/application (Duration: 2.9ms | Allocations: 2448)
  Rendered layouts/_navbar.html.erb (Duration: 0.1ms | Allocations: 55)
  Rendered layout layouts/application.html.erb (Duration: 5.1ms | Allocations: 4786)
Completed 422 Unprocessable Entity in 293ms (Views: 5.6ms | ActiveRecord: 0.3ms | Allocations: 13897)


Started POST "/users" for ::1 at 2022-08-29 19:13:03 +0400
Processing by Devise::RegistrationsController#create as TURBO_STREAM
  Parameters: {"authenticity_token"=>"[FILTERED]", "user"=>{"email"=>"mesxiana5@gmail.com", "password"=>"[FILTERED]", "password_confirmation"=>"[FILTERED]"}, "commit"=>"Sign up"}
  [1m[36mTRANSACTION (0.1ms)[0m  [1m[36mbegin transaction[0m
  [1m[36mUser Exists? (0.1ms)[0m  [1m[34mSELECT 1 AS one FROM "users" WHERE "users"."email" = ? LIMIT ?[0m  [["email", "mesxiana5@gmail.com"], ["LIMIT", 1]]
  [1m[36mUser Create (0.2ms)[0m  [1m[32mINSERT INTO "users" ("email", "encrypted_password", "reset_password_token", "reset_password_sent_at", "remember_created_at", "created_at", "updated_at") VALUES (?, ?, ?, ?, ?, ?, ?)[0m  [["email", "mesxiana5@gmail.com"], ["encrypted_password", "[FILTERED]"], ["reset_password_token", "[FILTERED]"], ["reset_password_sent_at", "[FILTERED]"], ["remember_created_at", nil], ["created_at", "2022-08-29 15:13:03.863861"], ["updated_at", "2022-08-29 15:13:03.863861"]]
  [1m[36mTRANSACTION (5.5ms)[0m  [1m[36mcommit transaction[0m
Redirected to http://localhost:3000/
Completed 302 Found in 294ms (ActiveRecord: 5.9ms | Allocations: 6434)


Started GET "/" for ::1 at 2022-08-29 19:13:03 +0400
Processing by PagesController#home as TURBO_STREAM
  Rendering layout layouts/application.html.erb
  Rendering pages/home.html.erb within layouts/application
  [1m[36mUser Load (0.2ms)[0m  [1m[34mSELECT "users".* FROM "users" WHERE "users"."id" = ? ORDER BY "users"."id" ASC LIMIT ?[0m  [["id", 2], ["LIMIT", 1]]
  ↳ app/views/pages/home.html.erb:3
  Rendered pages/home.html.erb within layouts/application (Duration: 3.0ms | Allocations: 1801)
  Rendered layouts/_navbar.html.erb (Duration: 0.1ms | Allocations: 53)
  Rendered layout layouts/application.html.erb (Duration: 5.3ms | Allocations: 4226)
Completed 200 OK in 7ms (Views: 6.2ms | ActiveRecord: 0.2ms | Allocations: 5212)


  [1m[35m (0.1ms)[0m  [1m[35mDROP DATABASE IF EXISTS "chatapp_development"[0m
  [1m[35m (0.1ms)[0m  [1m[35mDROP DATABASE IF EXISTS "chatapp_test"[0m
  [1m[35m (95.9ms)[0m  [1m[35mCREATE DATABASE "chatapp_development" ENCODING = 'unicode'[0m
  [1m[35m (84.7ms)[0m  [1m[35mCREATE DATABASE "chatapp_test" ENCODING = 'unicode'[0m
  [1m[35m (8.0ms)[0m  [1m[35mCREATE TABLE "schema_migrations" ("version" character varying NOT NULL PRIMARY KEY)[0m
  [1m[35m (6.0ms)[0m  [1m[35mCREATE TABLE "ar_internal_metadata" ("key" character varying NOT NULL PRIMARY KEY, "value" character varying, "created_at" timestamp(6) NOT NULL, "updated_at" timestamp(6) NOT NULL)[0m
  [1m[35m (0.1ms)[0m  [1m[34mSELECT pg_try_advisory_lock(2884877038038020340)[0m
  [1m[36mActiveRecord::SchemaMigration Pluck (0.3ms)[0m  [1m[34mSELECT "schema_migrations"."version" FROM "schema_migrations" ORDER BY "schema_migrations"."version" ASC[0m
Migrating to DeviseCreateUsers (20220826102747)
  [1m[36mTRANSACTION (0.1ms)[0m  [1m[35mBEGIN[0m
  [1m[35m (5.7ms)[0m  [1m[35mCREATE TABLE "users" ("id" bigserial primary key, "email" character varying DEFAULT '' NOT NULL, "encrypted_password" character varying DEFAULT '' NOT NULL, "reset_password_token" character varying, "reset_password_sent_at" timestamp(6), "remember_created_at" timestamp(6), "created_at" timestamp(6) NOT NULL, "updated_at" timestamp(6) NOT NULL)[0m
  [1m[35m (2.4ms)[0m  [1m[35mCREATE UNIQUE INDEX "index_users_on_email" ON "users" ("email")[0m
  [1m[35m (2.2ms)[0m  [1m[35mCREATE UNIQUE INDEX "index_users_on_reset_password_token" ON "users" ("reset_password_token")[0m
  [1m[36mActiveRecord::SchemaMigration Create (0.2ms)[0m  [1m[32mINSERT INTO "schema_migrations" ("version") VALUES ($1) RETURNING "version"[0m  [["version", "20220826102747"]]
  [1m[36mTRANSACTION (1.1ms)[0m  [1m[35mCOMMIT[0m
Migrating to CreateRooms (20220826105654)
  [1m[36mTRANSACTION (0.1ms)[0m  [1m[35mBEGIN[0m
  [1m[35m (5.2ms)[0m  [1m[35mCREATE TABLE "rooms" ("id" bigserial primary key, "name" character varying, "is_private" boolean DEFAULT FALSE, "created_at" timestamp(6) NOT NULL, "updated_at" timestamp(6) NOT NULL)[0m
  [1m[36mActiveRecord::SchemaMigration Create (0.2ms)[0m  [1m[32mINSERT INTO "schema_migrations" ("version") VALUES ($1) RETURNING "version"[0m  [["version", "20220826105654"]]
  [1m[36mTRANSACTION (0.8ms)[0m  [1m[35mCOMMIT[0m
  [1m[36mActiveRecord::InternalMetadata Load (0.2ms)[0m  [1m[34mSELECT "ar_internal_metadata".* FROM "ar_internal_metadata" WHERE "ar_internal_metadata"."key" = $1 LIMIT $2[0m  [["key", "environment"], ["LIMIT", 1]]
  [1m[36mTRANSACTION (0.1ms)[0m  [1m[35mBEGIN[0m
  [1m[36mActiveRecord::InternalMetadata Create (0.3ms)[0m  [1m[32mINSERT INTO "ar_internal_metadata" ("key", "value", "created_at", "updated_at") VALUES ($1, $2, $3, $4) RETURNING "key"[0m  [["key", "environment"], ["value", "development"], ["created_at", "2022-08-29 15:16:42.197931"], ["updated_at", "2022-08-29 15:16:42.197931"]]
  [1m[36mTRANSACTION (0.9ms)[0m  [1m[35mCOMMIT[0m
  [1m[35m (0.3ms)[0m  [1m[34mSELECT pg_advisory_unlock(2884877038038020340)[0m
  [1m[36mActiveRecord::SchemaMigration Pluck (0.3ms)[0m  [1m[34mSELECT "schema_migrations"."version" FROM "schema_migrations" ORDER BY "schema_migrations"."version" ASC[0m
Started DELETE "/users/sign_out" for ::1 at 2022-08-29 19:17:06 +0400
  [1m[36mActiveRecord::SchemaMigration Pluck (0.4ms)[0m  [1m[34mSELECT "schema_migrations"."version" FROM "schema_migrations" ORDER BY "schema_migrations"."version" ASC[0m
Processing by Devise::SessionsController#destroy as TURBO_STREAM
  Parameters: {"authenticity_token"=>"[FILTERED]"}
  [1m[36mUser Load (0.3ms)[0m  [1m[34mSELECT "users".* FROM "users" WHERE "users"."id" = $1 ORDER BY "users"."id" ASC LIMIT $2[0m  [["id", 2], ["LIMIT", 1]]
Redirected to http://localhost:3000/
Filter chain halted as :verify_signed_out_user rendered or redirected
Completed 302 Found in 12ms (ActiveRecord: 3.3ms | Allocations: 6123)


Started GET "/" for ::1 at 2022-08-29 19:17:06 +0400
Processing by PagesController#home as TURBO_STREAM
  Rendering layout layouts/application.html.erb
  Rendering pages/home.html.erb within layouts/application
  Rendered pages/home.html.erb within layouts/application (Duration: 2.1ms | Allocations: 902)
  Rendered layouts/_navbar.html.erb (Duration: 0.5ms | Allocations: 204)
  Rendered layout layouts/application.html.erb (Duration: 32.2ms | Allocations: 35978)
Completed 200 OK in 38ms (Views: 34.0ms | ActiveRecord: 0.0ms | Allocations: 41311)


Started GET "/users/sign_up" for ::1 at 2022-08-29 19:17:09 +0400
Processing by Devise::RegistrationsController#new as HTML
  Rendering layout layouts/application.html.erb
  Rendering /home/unisens/.rvm/gems/ruby-3.0.0/gems/devise-4.8.1/app/views/devise/registrations/new.html.erb within layouts/application
  Rendered /home/unisens/.rvm/gems/ruby-3.0.0/gems/devise-4.8.1/app/views/devise/shared/_error_messages.html.erb (Duration: 0.5ms | Allocations: 241)
  Rendered /home/unisens/.rvm/gems/ruby-3.0.0/gems/devise-4.8.1/app/views/devise/shared/_links.html.erb (Duration: 2.0ms | Allocations: 666)
  Rendered /home/unisens/.rvm/gems/ruby-3.0.0/gems/devise-4.8.1/app/views/devise/registrations/new.html.erb within layouts/application (Duration: 9.0ms | Allocations: 4511)
  Rendered layouts/_navbar.html.erb (Duration: 0.1ms | Allocations: 59)
  Rendered layout layouts/application.html.erb (Duration: 11.5ms | Allocations: 6878)
Completed 200 OK in 19ms (Views: 13.7ms | ActiveRecord: 0.0ms | Allocations: 13622)


Started POST "/users" for ::1 at 2022-08-29 19:17:18 +0400
Processing by Devise::RegistrationsController#create as TURBO_STREAM
  Parameters: {"authenticity_token"=>"[FILTERED]", "user"=>{"email"=>"mesxiana3@gmail.com", "password"=>"[FILTERED]", "password_confirmation"=>"[FILTERED]"}, "commit"=>"Sign up"}
  [1m[36mTRANSACTION (0.3ms)[0m  [1m[35mBEGIN[0m
  [1m[36mUser Exists? (0.5ms)[0m  [1m[34mSELECT 1 AS one FROM "users" WHERE "users"."email" = $1 LIMIT $2[0m  [["email", "mesxiana3@gmail.com"], ["LIMIT", 1]]
  [1m[36mUser Create (0.6ms)[0m  [1m[32mINSERT INTO "users" ("email", "encrypted_password", "reset_password_token", "reset_password_sent_at", "remember_created_at", "created_at", "updated_at") VALUES ($1, $2, $3, $4, $5, $6, $7) RETURNING "id"[0m  [["email", "mesxiana3@gmail.com"], ["encrypted_password", "[FILTERED]"], ["reset_password_token", "[FILTERED]"], ["reset_password_sent_at", "[FILTERED]"], ["remember_created_at", nil], ["created_at", "2022-08-29 15:17:18.864676"], ["updated_at", "2022-08-29 15:17:18.864676"]]
  [1m[36mTRANSACTION (2.2ms)[0m  [1m[35mCOMMIT[0m
Redirected to http://localhost:3000/
Completed 302 Found in 287ms (ActiveRecord: 3.6ms | Allocations: 9350)


Started GET "/" for ::1 at 2022-08-29 19:17:18 +0400
Processing by PagesController#home as TURBO_STREAM
  Rendering layout layouts/application.html.erb
  Rendering pages/home.html.erb within layouts/application
  [1m[36mUser Load (0.2ms)[0m  [1m[34mSELECT "users".* FROM "users" WHERE "users"."id" = $1 ORDER BY "users"."id" ASC LIMIT $2[0m  [["id", 1], ["LIMIT", 1]]
  ↳ app/views/pages/home.html.erb:3
  Rendered pages/home.html.erb within layouts/application (Duration: 2.5ms | Allocations: 1259)
  Rendered layouts/_navbar.html.erb (Duration: 0.1ms | Allocations: 49)
  Rendered layout layouts/application.html.erb (Duration: 4.9ms | Allocations: 3561)
Completed 200 OK in 6ms (Views: 5.2ms | ActiveRecord: 0.2ms | Allocations: 3890)


Started GET "/" for ::1 at 2022-08-29 19:17:35 +0400
Processing by PagesController#home as HTML
  Rendering layout layouts/application.html.erb
  Rendering pages/home.html.erb within layouts/application
  [1m[36mUser Load (0.2ms)[0m  [1m[34mSELECT "users".* FROM "users" WHERE "users"."id" = $1 ORDER BY "users"."id" ASC LIMIT $2[0m  [["id", 1], ["LIMIT", 1]]
  ↳ app/views/pages/home.html.erb:3
  Rendered pages/home.html.erb within layouts/application (Duration: 2.2ms | Allocations: 1211)
  Rendered layouts/_navbar.html.erb (Duration: 0.1ms | Allocations: 49)
  Rendered layout layouts/application.html.erb (Duration: 4.3ms | Allocations: 3510)
Completed 200 OK in 5ms (Views: 4.4ms | ActiveRecord: 0.2ms | Allocations: 3838)


